2014-05-29 11:41:36 [CLIENT] [INFO] Setting user: Kronson
2014-05-29 11:41:38 [CLIENT] [INFO] LWJGL Version: 2.9.1
2014-05-29 11:41:38 [CLIENT] [INFO] Reloading ResourceManager: Default
2014-05-29 11:41:43 [CLIENT] [INFO] Reloading ResourceManager: Default, FMLFileResourcePack:Forge Mod Loader, FMLFileResourcePack:Minecraft Forge, FMLFileResourcePack:Not Enough Items, FMLFileResourcePack:PowerCrystals Core, FMLFileResourcePack:DenEvents, FMLFileResourcePack:Damage Indicators, FMLFileResourcePack:ArmorStatusHUD, FMLFileResourcePack:bspkrsCore, FMLFileResourcePack:StatusEffectHUD, FMLFileResourcePack:Advanced Genetics, FMLFileResourcePack:Agriculture, FMLFileResourcePack:Another One Bites The Dust, FMLFileResourcePack:Applied Energistics, FMLFileResourcePack:Aroma1997Core|Helper, FMLFileResourcePack:Alternate Terrain Generation, FMLFileResourcePack:Autoutils, FMLFileResourcePack:Backpack, FMLFileResourcePack:BD Lib, FMLFileResourcePack:BetterStorage, FMLFileResourcePack:BiblioCraft, FMLFileResourcePack:BiblioWoods Biomes O'Plenty Edition, FMLFileResourcePack:BiblioWoods Forestry Edition, FMLFileResourcePack:BiblioWoods Highlands Edition, FMLFileResourcePack:BiblioWoods Natura Edition, FMLFileResourcePack:Big Reactors, FMLFileResourcePack:Binnie Core, FMLFileResourcePack:Extra Bees, FMLFileResourcePack:Extra Trees, FMLFileResourcePack:Biomes O' Plenty, FMLFileResourcePack:BC Builders, FMLFileResourcePack:BuildCraft, FMLFileResourcePack:BC Energy, FMLFileResourcePack:BC Factory, FMLFileResourcePack:BC Silicon, FMLFileResourcePack:BC Transport, FMLFileResourcePack:Additional Buildcraft Objects, FMLFileResourcePack:Calclavia, FMLFileResourcePack:ChickenChunks, FMLFileResourcePack:Chisel, FMLFileResourcePack:CoFH Core, FMLFileResourcePack:CoFH Loot, FMLFileResourcePack:CoFH Masquerade, FMLFileResourcePack:CoFH Social, FMLFileResourcePack:CoFH World, FMLFileResourcePack:Compact Solar Arrays, FMLFileResourcePack:CompactWindmills, FMLFileResourcePack:ComputerCraft Turtles, FMLFileResourcePack:ComputerCraft, FMLFileResourcePack:CraftHeraldry, FMLFileResourcePack:DenPipes, FMLFileResourcePack:DenPipes-Emerald, FMLFileResourcePack:DenPipes-Forestry, FMLFileResourcePack:DragonAPI, FMLFileResourcePack:Dye Trees, FMLFileResourcePack:Dynamic Liquid Tanks 2, FMLFileResourcePack:ElectriCraft, FMLFileResourcePack:Emasher Resource, FMLFileResourcePack:Ender IO, FMLFileResourcePack:EnderStorage, FMLFileResourcePack:Engineer's Toolbox, FMLFileResourcePack:EnhancedPortals, FMLFileResourcePack:ExpandedRedstone, FMLFileResourcePack:ExtraCells, FMLFileResourcePack:Extra Utilities, FMLFileResourcePack:Factorization Miscellaneous Nonsense, FMLFileResourcePack:Factorization Notification System, FMLFileResourcePack:Factorization Dimensional Slices, FMLFileResourcePack:Factorization, FMLFileResourcePack:Flat Signs, FMLFileResourcePack:Forestry for Minecraft, FMLFileResourcePack:GasCraft, FMLFileResourcePack:GateCopy, FMLFileResourcePack:GenDustry, FMLFileResourcePack:GeoStrata, FMLFileResourcePack:Highlands, FMLFileResourcePack:Hopper Ducts, FMLFileResourcePack:Nuclear Control, FMLFileResourcePack:iChunUtil, FMLFileResourcePack:IndustrialCraft 2, FMLFileResourcePack:Inventory Tweaks, FMLFileResourcePack:Iron Chest, FMLFileResourcePack:JABBA, FMLFileResourcePack:Logistics Pipes, FMLFileResourcePack:Magical Crops, FMLFileResourcePack:Magical Crops - Crops & Food, FMLFileResourcePack:Magic Bees, FMLFileResourcePack:Mariculture, FMLFileResourcePack:Mimicry, FMLFileResourcePack:MFR Compat Forestry Trees, FMLFileResourcePack:MFR Compat Extra Trees, FMLFileResourcePack:MineFactory Reloaded, FMLFileResourcePack:MFR Compat: Applied Energistics, FMLFileResourcePack:MFR Compat: Atum, FMLFileResourcePack:MFR Compat: BackTools, FMLFileResourcePack:MFR Compat: BuildCraft, FMLFileResourcePack:MFR Compat: Chococraft, FMLFileResourcePack:MFR Compat: ExtraBiomes, FMLFileResourcePack:MFR Compat: Forestry, FMLFileResourcePack:MFR Compat: Forestry (part 2), FMLFileResourcePack:MFR Compat: ForgeMicroblock, FMLFileResourcePack:MFR Compat: IC2, FMLFileResourcePack:MFR Compat: Mystcraft, FMLFileResourcePack:MFR Compat: Pam's Mods, FMLFileResourcePack:MFR Compat ProjectRed, FMLFileResourcePack:MFR Compat: Railcraft, FMLFileResourcePack:MFR Compat: RP2, FMLFileResourcePack:MFR Compat: Sufficient Biomes, FMLFileResourcePack:MFR Compat: Thaumcraft, FMLFileResourcePack:MFR Compat: Thermal Expansion, FMLFileResourcePack:MFR Compat: TwilightForest, FMLFileResourcePack:MFR Compat: Vanilla, FMLFileResourcePack:MFR Compat: XyCraft, FMLFileResourcePack:Modular Force Field System, FMLFileResourcePack:MachineMuse's Modular Powersuits, FMLFileResourcePack:Mystcraft, FMLFileResourcePack:Natura, FMLFileResourcePack:NEI Addons, FMLFileResourcePack:NEI Addons: Applied Energistics, FMLFileResourcePack:NEI Addons: Misc Peripherals, FMLFileResourcePack:NEI Addons: Extra Bees, FMLFileResourcePack:NEI Addons: Forestry, FMLFileResourcePack:NEI Addons: Crafting Tables, FMLFileResourcePack:NEI Plugins, FMLFileResourcePack:Nether Ores, FMLFileResourcePack:Not Enough Keys, FMLFileResourcePack:Numina, FMLFileResourcePack:Obsidian Pressure Plates, FMLFileResourcePack:OpenBlocks, FMLFileResourcePack:OpenMods, FMLFileResourcePack:OpenPeripheralAddons, FMLFileResourcePack:OpenPeripheralCore, FMLFileResourcePack:Power Converters, FMLFileResourcePack:PortalGun, FMLFileResourcePack:Andrew's Modular Powersuits Addons, FMLFileResourcePack:ProjectRed, FMLFileResourcePack:ProjectRed-Compatibility, FMLFileResourcePack:ProjectRed-Integration, FMLFileResourcePack:ProjectRed-Transmission, FMLFileResourcePack:ProjectRed-Illumination, FMLFileResourcePack:ProjectRed-Expansion, FMLFileResourcePack:ProjectRed-Transportation, FMLFileResourcePack:ProjectRed-Exploration, FMLFileResourcePack:qCraft, FMLFileResourcePack:QuarryPlus, FMLFileResourcePack:Railcraft, FMLFileResourcePack:Random Things, FMLFileResourcePack:ReactorCraft, FMLFileResourcePack:Redstone Arsenal, FMLFileResourcePack:Xeno's Reliquary, FMLFileResourcePack:Remote IO, FMLFileResourcePack:Rivvest's Enhancements to Villager and Mob Performance, FMLFileResourcePack:Roguelike Dungeons, FMLFileResourcePack:RotaryCraft, FMLFileResourcePack:Steve's Carts 2, FMLFileResourcePack:Switches, FMLFileResourcePack:Sync, FMLFileResourcePack:Tinkers' Construct, FMLFileResourcePack:Thaumcraft, FMLFileResourcePack:Thaumcraft Mob Aspects, FMLFileResourcePack:Thaumic Tinkerer, FMLFileResourcePack:Thermal Expansion, FMLFileResourcePack:Tinkers' Mechworks, FMLFileResourcePack:Torch Levers, FMLFileResourcePack:The Twilight Forest, FMLFileResourcePack:Universal Electricity, FMLFileResourcePack:Waila, FMLFileResourcePack:WR-CBE Addons, FMLFileResourcePack:WR-CBE Core, FMLFileResourcePack:WR-CBE Logic, FMLFileResourcePack:MineTweaker, FMLFileResourcePack:Forge Microblocks, FMLFileResourcePack:Forge Multipart, FMLFileResourcePack:Minecraft Multipart Plugin
2014-05-29 11:42:08 [CLIENT] [SEVERE] Using missing texture, unable to load: minecraft:textures/blocks/.png
2014-05-29 11:42:08 [CLIENT] [SEVERE] Using missing texture, unable to load: minecraft:textures/blocks/MISSING_ICON_TILE_1372_extrabees.block.alveary.png
2014-05-29 11:42:08 [CLIENT] [SEVERE] Using missing texture, unable to load: ironchest:textures/blocks/dirtchest9000_top.png
2014-05-29 11:42:08 [CLIENT] [SEVERE] Using missing texture, unable to load: reactorcraft:textures/blocks/turbinecore.png
2014-05-29 11:42:08 [CLIENT] [SEVERE] Using missing texture, unable to load: minecraft:textures/blocks/MISSING_ICON_TILE_1329_RefineryPlus.png
2014-05-29 11:42:09 [CLIENT] [SEVERE] Using missing texture, unable to load: reactorcraft:textures/blocks/flywheel.png
2014-05-29 11:42:09 [CLIENT] [SEVERE] Using missing texture, unable to load: ironchest:textures/blocks/dirtchest9000_front.png
2014-05-29 11:42:09 [CLIENT] [SEVERE] Using missing texture, unable to load: calclavia:textures/blocks/infiniteBlock.png
2014-05-29 11:42:09 [CLIENT] [SEVERE] Using missing texture, unable to load: reactorcraft:textures/blocks/magnetpipe.png
2014-05-29 11:42:09 [CLIENT] [SEVERE] Using missing texture, unable to load: advancedgenetics:textures/blocks/tile.dnatransmutator.name.png
2014-05-29 11:42:09 [CLIENT] [SEVERE] Using missing texture, unable to load: advancedgenetics:textures/blocks/tile.dnacombiner.name.png
2014-05-29 11:42:09 [CLIENT] [SEVERE] Using missing texture, unable to load: reactorcraft:textures/blocks/storage.png
2014-05-29 11:42:09 [CLIENT] [SEVERE] Using missing texture, unable to load: reactorcraft:textures/blocks/grate.png
2014-05-29 11:42:09 [CLIENT] [SEVERE] Using missing texture, unable to load: advancedgenetics:textures/blocks/tile.dnaautosplitter.name.png
2014-05-29 11:42:09 [CLIENT] [SEVERE] Using missing texture, unable to load: reactorcraft:textures/blocks/solenoid.png
2014-05-29 11:42:09 [CLIENT] [SEVERE] Using missing texture, unable to load: minecraft:textures/blocks/MISSING_ICON_TILE_1322_InfMJSrc.png
2014-05-29 11:42:09 [CLIENT] [SEVERE] Using missing texture, unable to load: forestry:textures/blocks/wood/planks.giganteum.png
2014-05-29 11:42:09 [CLIENT] [SEVERE] Using missing texture, unable to load: minecraft:textures/blocks/MISSING_ICON_TILE_3284_bookshelf.png
2014-05-29 11:42:09 [CLIENT] [SEVERE] Using missing texture, unable to load: reactorcraft:textures/blocks/gaspipe.png
2014-05-29 11:42:09 [CLIENT] [SEVERE] Using missing texture, unable to load: reactorcraft:textures/blocks/magnet.png
2014-05-29 11:42:09 [CLIENT] [SEVERE] Using missing texture, unable to load: advancedgenetics:textures/blocks/tile.dnainsulator.name.png
2014-05-29 11:42:09 [CLIENT] [SEVERE] Using missing texture, unable to load: reactorcraft:textures/blocks/pump.png
2014-05-29 11:42:09 [CLIENT] [SEVERE] Using missing texture, unable to load: advancedgenetics:textures/blocks/tile.dnaextractor.name.png
2014-05-29 11:42:09 [CLIENT] [SEVERE] Using missing texture, unable to load: openperipheral:textures/blocks/sensor.png
2014-05-29 11:42:09 [CLIENT] [SEVERE] Using missing texture, unable to load: ironchest:textures/blocks/dirtchest9000_side.png
2014-05-29 11:42:09 [CLIENT] [SEVERE] Using missing texture, unable to load: ttinkerer:textures/blocks/repairer.png
2014-05-29 11:42:09 [CLIENT] [SEVERE] Using missing texture, unable to load: minecraft:textures/blocks/MISSING_ICON_TILE_880_blockHeraldry.png
2014-05-29 11:42:09 [CLIENT] [SEVERE] Using missing texture, unable to load: advancedgenetics:textures/blocks/tile.dnabreeder.name.png
2014-05-29 11:42:09 [CLIENT] [SEVERE] Using missing texture, unable to load: ttinkerer:textures/blocks/magnet.png
2014-05-29 11:42:09 [CLIENT] [SEVERE] Using missing texture, unable to load: minecraft:textures/blocks/MISSING_ICON_ITEM_15245_openblocks.stencil.png
2014-05-29 11:42:09 [CLIENT] [SEVERE] Using missing texture, unable to load: advancedgenetics:textures/blocks/tile.dnasplitter.name.png
2014-05-29 11:42:09 [CLIENT] [SEVERE] Using missing texture, unable to load: advancedgenetics:textures/blocks/tile.dnaremover.name.png
2014-05-29 11:42:10 [CLIENT] [SEVERE] Using missing texture, unable to load: minecraft:textures/blocks/MISSING_ICON_TILE_3705_extratrees.block.machine.png
2014-05-29 11:42:10 [CLIENT] [SEVERE] Using missing texture, unable to load: minecraft:textures/blocks/MISSING_ICON_TILE_430_Converter.png
2014-05-29 11:42:10 [CLIENT] [SEVERE] Using missing texture, unable to load: reactorcraft:textures/blocks/condenser.png
2014-05-29 11:42:10 [CLIENT] [SEVERE] Using missing texture, unable to load: minecraft:textures/blocks/MISSING_ICON_TILE_2950_multiBlock.png
2014-05-29 11:42:10 [CLIENT] [SEVERE] Using missing texture, unable to load: reactorcraft:textures/blocks/centrifuge.png
2014-05-29 11:42:10 [CLIENT] [SEVERE] Using missing texture, unable to load: advancedgenetics:textures/blocks/tile.dnaanalyser.name.png
2014-05-29 11:42:10 [CLIENT] [SEVERE] Using missing texture, unable to load: advancedgenetics:textures/blocks/tile.dnaencoder.name.png
2014-05-29 11:42:10 [CLIENT] [SEVERE] Using missing texture, unable to load: advancedgenetics:textures/blocks/tile.centrifuge.name.png
2014-05-29 11:42:10 [CLIENT] [SEVERE] Using missing texture, unable to load: reactorcraft:textures/blocks/electrolyzer.png
2014-05-29 11:42:10 [CLIENT] [SEVERE] Using missing texture, unable to load: reactorcraft:textures/blocks/heavypump.png
2014-05-29 11:42:10 [CLIENT] [SEVERE] Using missing texture, unable to load: reactorcraft:textures/blocks/steamline.png
2014-05-29 11:42:10 [CLIENT] [SEVERE] Using missing texture, unable to load: reactorcraft:textures/blocks/collector.png
2014-05-29 11:42:10 [CLIENT] [SEVERE] Using missing texture, unable to load: reactorcraft:textures/blocks/processor.png
2014-05-29 11:42:11 [CLIENT] [SEVERE] Using missing texture, unable to load: minecraft:textures/items/MISSING_ICON_ITEM_30808_item.bedrockshears.png
2014-05-29 11:42:11 [CLIENT] [SEVERE] Using missing texture, unable to load: magicbees:textures/items/nuggetNickel.png
2014-05-29 11:42:11 [CLIENT] [SEVERE] Using missing texture, unable to load: minecraft:textures/items/MISSING_ICON_ITEM_31961_ccprogramdisk.png
2014-05-29 11:42:11 [CLIENT] [SEVERE] Using missing texture, unable to load: magicbees:textures/items/nuggetElectrum.png
2014-05-29 11:42:11 [CLIENT] [SEVERE] Using missing texture, unable to load: magicbees:textures/items/nuggetEnderium.png
2014-05-29 11:42:11 [CLIENT] [SEVERE] Using missing texture, unable to load: geostrata:textures/items/liqcrystal3.png
2014-05-29 11:42:12 [CLIENT] [SEVERE] Using missing texture, unable to load: forestry:textures/items/analyzer/natural.png
2014-05-29 11:42:12 [CLIENT] [SEVERE] Using missing texture, unable to load: factorization:textures/items/charge_battery.png
2014-05-29 11:42:12 [CLIENT] [SEVERE] Using missing texture, unable to load: magicbees:textures/items/nuggetPlatinum.png
2014-05-29 11:42:12 [CLIENT] [SEVERE] Using missing texture, unable to load: magicbees:textures/items/nuggetInvar.png
2014-05-29 11:42:12 [CLIENT] [SEVERE] Using missing texture, unable to load: factorization:textures/items/docbook.png
2014-05-29 11:42:12 [CLIENT] [SEVERE] Using missing texture, unable to load: forestry:textures/items/misc/empty.png
2014-05-29 11:42:12 [CLIENT] [SEVERE] Using missing texture, unable to load: minecraft:textures/items/MISSING_ICON_ITEM_30809_item.steelshears.png
2014-05-29 11:42:12 [CLIENT] [SEVERE] Using missing texture, unable to load: minecraft:textures/items/MISSING_ICON_ITEM_18278_item.hazlegs.png
2014-05-29 11:42:12 [CLIENT] [SEVERE] Using missing texture, unable to load: ic2:textures/items/plasmaLauncher.png
2014-05-29 11:42:12 [CLIENT] [SEVERE] Using missing texture, unable to load: minecraft:textures/items/MISSING_ICON_ITEM_30804_item.bedrockhoe.png
2014-05-29 11:42:12 [CLIENT] [SEVERE] Using missing texture, unable to load: forestry:textures/items/misc/liquid.png
2014-05-29 11:42:12 [CLIENT] [SEVERE] Using missing texture, unable to load: minecraft:textures/items/MISSING_ICON_ITEM_30806_item.bedrocksword.png
2014-05-29 11:42:12 [CLIENT] [SEVERE] Using missing texture, unable to load: magicbees:textures/items/nuggetBronze.png
2014-05-29 11:42:12 [CLIENT] [SEVERE] Using missing texture, unable to load: minecraft:textures/items/MISSING_ICON_ITEM_18277_item.hazchest.png
2014-05-29 11:42:12 [CLIENT] [SEVERE] Using missing texture, unable to load: minecraft:textures/items/MISSING_ICON_ITEM_30805_item.steelhoe.png
2014-05-29 11:42:12 [CLIENT] [SEVERE] Using missing texture, unable to load: minecraft:textures/items/MISSING_ICON_ITEM_18276_item.hazhelmet.png
2014-05-29 11:42:12 [CLIENT] [SEVERE] Using missing texture, unable to load: minecraft:textures/items/MISSING_ICON_ITEM_30807_item.steelsword.png
2014-05-29 11:42:12 [CLIENT] [SEVERE] Using missing texture, unable to load: minecraft:textures/items/MISSING_ICON_ITEM_18279_item.hazboots.png
2014-05-29 11:42:41 [CLIENT] [INFO] Reloading ResourceManager: Default, FMLFileResourcePack:Forge Mod Loader, FMLFileResourcePack:Minecraft Forge, FMLFileResourcePack:Not Enough Items, FMLFileResourcePack:PowerCrystals Core, FMLFileResourcePack:DenEvents, FMLFileResourcePack:Damage Indicators, FMLFileResourcePack:ArmorStatusHUD, FMLFileResourcePack:bspkrsCore, FMLFileResourcePack:StatusEffectHUD, FMLFileResourcePack:Advanced Genetics, FMLFileResourcePack:Agriculture, FMLFileResourcePack:Another One Bites The Dust, FMLFileResourcePack:Applied Energistics, FMLFileResourcePack:Aroma1997Core|Helper, FMLFileResourcePack:Alternate Terrain Generation, FMLFileResourcePack:Autoutils, FMLFileResourcePack:Backpack, FMLFileResourcePack:BD Lib, FMLFileResourcePack:BetterStorage, FMLFileResourcePack:BiblioCraft, FMLFileResourcePack:BiblioWoods Biomes O'Plenty Edition, FMLFileResourcePack:BiblioWoods Forestry Edition, FMLFileResourcePack:BiblioWoods Highlands Edition, FMLFileResourcePack:BiblioWoods Natura Edition, FMLFileResourcePack:Big Reactors, FMLFileResourcePack:Binnie Core, FMLFileResourcePack:Extra Bees, FMLFileResourcePack:Extra Trees, FMLFileResourcePack:Biomes O' Plenty, FMLFileResourcePack:BC Builders, FMLFileResourcePack:BuildCraft, FMLFileResourcePack:BC Energy, FMLFileResourcePack:BC Factory, FMLFileResourcePack:BC Silicon, FMLFileResourcePack:BC Transport, FMLFileResourcePack:Additional Buildcraft Objects, FMLFileResourcePack:CalclaviaCore, FMLFileResourcePack:ChickenChunks, FMLFileResourcePack:Chisel, FMLFileResourcePack:CoFH Core, FMLFileResourcePack:CoFH Loot, FMLFileResourcePack:CoFH Masquerade, FMLFileResourcePack:CoFH Social, FMLFileResourcePack:CoFH World, FMLFileResourcePack:Compact Solar Arrays, FMLFileResourcePack:CompactWindmills, FMLFileResourcePack:ComputerCraft Turtles, FMLFileResourcePack:ComputerCraft, FMLFileResourcePack:CraftHeraldry, FMLFileResourcePack:DenPipes, FMLFileResourcePack:DenPipes-Emerald, FMLFileResourcePack:DenPipes-Forestry, FMLFileResourcePack:DragonAPI, FMLFileResourcePack:Dye Trees, FMLFileResourcePack:Dynamic Liquid Tanks 2, FMLFileResourcePack:ElectriCraft, FMLFileResourcePack:Emasher Resource, FMLFileResourcePack:Ender IO, FMLFileResourcePack:EnderStorage, FMLFileResourcePack:Engineer's Toolbox, FMLFileResourcePack:EnhancedPortals, FMLFileResourcePack:ExpandedRedstone, FMLFileResourcePack:ExtraCells, FMLFileResourcePack:Extra Utilities, FMLFileResourcePack:Factorization Miscellaneous Nonsense, FMLFileResourcePack:Factorization Notification System, FMLFileResourcePack:Factorization Dimensional Slices, FMLFileResourcePack:Factorization, FMLFileResourcePack:Flat Signs, FMLFileResourcePack:Forestry for Minecraft, FMLFileResourcePack:GasCraft, FMLFileResourcePack:GateCopy, FMLFileResourcePack:GenDustry, FMLFileResourcePack:GeoStrata, FMLFileResourcePack:Highlands, FMLFileResourcePack:Hopper Ducts, FMLFileResourcePack:Nuclear Control, FMLFileResourcePack:iChunUtil, FMLFileResourcePack:IndustrialCraft 2, FMLFileResourcePack:Inventory Tweaks, FMLFileResourcePack:Iron Chest, FMLFileResourcePack:JABBA, FMLFileResourcePack:Logistics Pipes, FMLFileResourcePack:Magical Crops, FMLFileResourcePack:Magical Crops - Crops & Food, FMLFileResourcePack:Magic Bees, FMLFileResourcePack:Mariculture, FMLFileResourcePack:Mimicry, FMLFileResourcePack:MFR Compat Forestry Trees, FMLFileResourcePack:MFR Compat Extra Trees, FMLFileResourcePack:MineFactory Reloaded, FMLFileResourcePack:MFR Compat: Applied Energistics, FMLFileResourcePack:MFR Compat: Atum, FMLFileResourcePack:MFR Compat: BackTools, FMLFileResourcePack:MFR Compat: BuildCraft, FMLFileResourcePack:MFR Compat: Chococraft, FMLFileResourcePack:MFR Compat: ExtraBiomes, FMLFileResourcePack:MFR Compat: Forestry, FMLFileResourcePack:MFR Compat: Forestry (part 2), FMLFileResourcePack:MFR Compat: ForgeMicroblock, FMLFileResourcePack:MFR Compat: IC2, FMLFileResourcePack:MFR Compat: Mystcraft, FMLFileResourcePack:MFR Compat: Pam's Mods, FMLFileResourcePack:MFR Compat ProjectRed, FMLFileResourcePack:MFR Compat: Railcraft, FMLFileResourcePack:MFR Compat: RP2, FMLFileResourcePack:MFR Compat: Sufficient Biomes, FMLFileResourcePack:MFR Compat: Thaumcraft, FMLFileResourcePack:MFR Compat: Thermal Expansion, FMLFileResourcePack:MFR Compat: TwilightForest, FMLFileResourcePack:MFR Compat: Vanilla, FMLFileResourcePack:MFR Compat: XyCraft, FMLFileResourcePack:Modular Force Field System, FMLFileResourcePack:MachineMuse's Modular Powersuits, FMLFileResourcePack:Mystcraft, FMLFileResourcePack:Natura, FMLFileResourcePack:NEI Addons, FMLFileResourcePack:NEI Addons: Applied Energistics, FMLFileResourcePack:NEI Addons: Misc Peripherals, FMLFileResourcePack:NEI Addons: Extra Bees, FMLFileResourcePack:NEI Addons: Forestry, FMLFileResourcePack:NEI Addons: Crafting Tables, FMLFileResourcePack:NEI Plugins, FMLFileResourcePack:Nether Ores, FMLFileResourcePack:Not Enough Keys, FMLFileResourcePack:Numina, FMLFileResourcePack:Obsidian Pressure Plates, FMLFileResourcePack:OpenBlocks, FMLFileResourcePack:OpenMods, FMLFileResourcePack:OpenPeripheralAddons, FMLFileResourcePack:OpenPeripheralCore, FMLFileResourcePack:Power Converters, FMLFileResourcePack:PortalGun, FMLFileResourcePack:Andrew's Modular Powersuits Addons, FMLFileResourcePack:ProjectRed, FMLFileResourcePack:ProjectRed-Compatibility, FMLFileResourcePack:ProjectRed-Integration, FMLFileResourcePack:ProjectRed-Transmission, FMLFileResourcePack:ProjectRed-Illumination, FMLFileResourcePack:ProjectRed-Expansion, FMLFileResourcePack:ProjectRed-Transportation, FMLFileResourcePack:ProjectRed-Exploration, FMLFileResourcePack:qCraft, FMLFileResourcePack:QuarryPlus, FMLFileResourcePack:Railcraft, FMLFileResourcePack:Random Things, FMLFileResourcePack:ReactorCraft, FMLFileResourcePack:Redstone Arsenal, FMLFileResourcePack:Xeno's Reliquary, FMLFileResourcePack:Remote IO, FMLFileResourcePack:Rivvest's Enhancements to Villager and Mob Performance, FMLFileResourcePack:Roguelike Dungeons, FMLFileResourcePack:RotaryCraft, FMLFileResourcePack:Steve's Carts 2, FMLFileResourcePack:Switches, FMLFileResourcePack:Sync, FMLFileResourcePack:Tinkers' Construct, FMLFileResourcePack:Thaumcraft, FMLFileResourcePack:Thaumcraft Mob Aspects, FMLFileResourcePack:Thaumic Tinkerer, FMLFileResourcePack:Thermal Expansion, FMLFileResourcePack:Tinkers' Mechworks, FMLFileResourcePack:Torch Levers, FMLFileResourcePack:The Twilight Forest, FMLFileResourcePack:Universal Electricity, FMLFileResourcePack:Waila, FMLFileResourcePack:WR-CBE Addons, FMLFileResourcePack:WR-CBE Core, FMLFileResourcePack:WR-CBE Logic, FMLFileResourcePack:MineTweaker, FMLFileResourcePack:Forge Microblocks, FMLFileResourcePack:Forge Multipart, FMLFileResourcePack:Minecraft Multipart Plugin, PortalGunSounds.pak
2014-05-29 11:42:42 [CLIENT] [SEVERE] Using missing texture, unable to load: minecraft:textures/items/MISSING_ICON_ITEM_30808_item.bedrockshears.png
2014-05-29 11:42:42 [CLIENT] [SEVERE] Using missing texture, unable to load: magicbees:textures/items/nuggetNickel.png
2014-05-29 11:42:42 [CLIENT] [SEVERE] Using missing texture, unable to load: extracells:textures/items/storage.fluid.1m.png
2014-05-29 11:42:42 [CLIENT] [SEVERE] Using missing texture, unable to load: extracells:textures/items/storage.fluid.4m.png
2014-05-29 11:42:42 [CLIENT] [SEVERE] Using missing texture, unable to load: geostrata:textures/items/liqcrystal3.png
2014-05-29 11:42:42 [CLIENT] [SEVERE] Using missing texture, unable to load: forestry:textures/items/analyzer/natural.png
2014-05-29 11:42:42 [CLIENT] [SEVERE] Using missing texture, unable to load: missing_icon_item_10260_extrautils:textures/items/creativebuilderswand.png
2014-05-29 11:42:42 [CLIENT] [SEVERE] Using missing texture, unable to load: extracells:textures/items/storage.fluid.256k.png
2014-05-29 11:42:42 [CLIENT] [SEVERE] Using missing texture, unable to load: factorization:textures/items/docbook.png
2014-05-29 11:42:42 [CLIENT] [SEVERE] Using missing texture, unable to load: missing_icon_item_10258_extrautils:textures/items/unstableingot.png
2014-05-29 11:42:42 [CLIENT] [SEVERE] Using missing texture, unable to load: forestry:textures/items/misc/liquid.png
2014-05-29 11:42:42 [CLIENT] [SEVERE] Using missing texture, unable to load: extracells:textures/items/storage.fluid.16m.png
2014-05-29 11:42:42 [CLIENT] [SEVERE] Using missing texture, unable to load: forestry:textures/items/crates/silver.png
2014-05-29 11:42:42 [CLIENT] [SEVERE] Using missing texture, unable to load: missing_icon_item_10263_extrautils:textures/items/destructionpickaxe.png
2014-05-29 11:42:42 [CLIENT] [SEVERE] Using missing texture, unable to load: minecraft:textures/items/MISSING_ICON_ITEM_18276_item.hazhelmet.png
2014-05-29 11:42:42 [CLIENT] [SEVERE] Using missing texture, unable to load: agriculture:textures/items/gelatin.png
2014-05-29 11:42:42 [CLIENT] [SEVERE] Using missing texture, unable to load: minecraft:textures/items/MISSING_ICON_ITEM_18279_item.hazboots.png
2014-05-29 11:42:42 [CLIENT] [SEVERE] Using missing texture, unable to load: missing_icon_item_10264_extrautils:textures/items/defoliageAxe.png
2014-05-29 11:42:42 [CLIENT] [SEVERE] Using missing texture, unable to load: missing_icon_item_10259_extrautils:textures/items/builderswand.png
2014-05-29 11:42:42 [CLIENT] [SEVERE] Using missing texture, unable to load: minecraft:textures/items/MISSING_ICON_ITEM_31961_ccprogramdisk.png
2014-05-29 11:42:42 [CLIENT] [SEVERE] Using missing texture, unable to load: magicbees:textures/items/nuggetElectrum.png
2014-05-29 11:42:42 [CLIENT] [SEVERE] Using missing texture, unable to load: magicbees:textures/items/nuggetEnderium.png
2014-05-29 11:42:42 [CLIENT] [SEVERE] Using missing texture, unable to load: forestry:textures/items/crates/royaljelly.png
2014-05-29 11:42:42 [CLIENT] [SEVERE] Using missing texture, unable to load: factorization:textures/items/charge_battery.png
2014-05-29 11:42:42 [CLIENT] [SEVERE] Using missing texture, unable to load: magicbees:textures/items/nuggetPlatinum.png
2014-05-29 11:42:42 [CLIENT] [SEVERE] Using missing texture, unable to load: magicbees:textures/items/nuggetInvar.png
2014-05-29 11:42:42 [CLIENT] [SEVERE] Using missing texture, unable to load: forestry:textures/items/misc/empty.png
2014-05-29 11:42:42 [CLIENT] [SEVERE] Using missing texture, unable to load: minecraft:textures/items/MISSING_ICON_ITEM_30809_item.steelshears.png
2014-05-29 11:42:42 [CLIENT] [SEVERE] Using missing texture, unable to load: minecraft:textures/items/MISSING_ICON_ITEM_18278_item.hazlegs.png
2014-05-29 11:42:42 [CLIENT] [SEVERE] Using missing texture, unable to load: ic2:textures/items/plasmaLauncher.png
2014-05-29 11:42:42 [CLIENT] [SEVERE] Using missing texture, unable to load: minecraft:textures/items/MISSING_ICON_ITEM_30804_item.bedrockhoe.png
2014-05-29 11:42:42 [CLIENT] [SEVERE] Using missing texture, unable to load: minecraft:textures/items/MISSING_ICON_ITEM_30806_item.bedrocksword.png
2014-05-29 11:42:42 [CLIENT] [SEVERE] Using missing texture, unable to load: magicbees:textures/items/nuggetBronze.png
2014-05-29 11:42:42 [CLIENT] [SEVERE] Using missing texture, unable to load: minecraft:textures/items/MISSING_ICON_ITEM_18277_item.hazchest.png
2014-05-29 11:42:42 [CLIENT] [SEVERE] Using missing texture, unable to load: minecraft:textures/items/MISSING_ICON_ITEM_30805_item.steelhoe.png
2014-05-29 11:42:42 [CLIENT] [SEVERE] Using missing texture, unable to load: missing_icon_item_10261_extrautils:textures/items/ethericsword.png
2014-05-29 11:42:42 [CLIENT] [SEVERE] Using missing texture, unable to load: minecraft:textures/items/MISSING_ICON_ITEM_30807_item.steelsword.png
2014-05-29 11:42:42 [CLIENT] [SEVERE] Using missing texture, unable to load: missing_icon_item_10262_extrautils:textures/items/erosionShovel.png
2014-05-29 11:42:43 [CLIENT] [SEVERE] Using missing texture, unable to load: missing_icon_item_10273_extrautils:textures/items/microblocks.png
2014-05-29 11:42:43 [CLIENT] [SEVERE] Using missing texture, unable to load: missing_icon_item_10265_extrautils:textures/items/temporalHoe.png
2014-05-29 11:42:44 [CLIENT] [SEVERE] Using missing texture, unable to load: minecraft:textures/blocks/.png
2014-05-29 11:42:44 [CLIENT] [SEVERE] Using missing texture, unable to load: minecraft:textures/blocks/MISSING_ICON_TILE_1372_extrabees.block.alveary.png
2014-05-29 11:42:44 [CLIENT] [SEVERE] Using missing texture, unable to load: agriculture:textures/blocks/vanilla_stage_7.png
2014-05-29 11:42:44 [CLIENT] [SEVERE] Using missing texture, unable to load: ironchest:textures/blocks/dirtchest9000_top.png
2014-05-29 11:42:44 [CLIENT] [SEVERE] Using missing texture, unable to load: reactorcraft:textures/blocks/turbinecore.png
2014-05-29 11:42:44 [CLIENT] [SEVERE] Using missing texture, unable to load: agriculture:textures/blocks/peanut_stage_7.png
2014-05-29 11:42:44 [CLIENT] [SEVERE] Using missing texture, unable to load: minecraft:textures/blocks/MISSING_ICON_TILE_1329_RefineryPlus.png
2014-05-29 11:42:44 [CLIENT] [SEVERE] Using missing texture, unable to load: minecraft:textures/blocks/MISSING_ICON_TILE_2065_block.fluid.bus.import.png
2014-05-29 11:42:44 [CLIENT] [SEVERE] Using missing texture, unable to load: reactorcraft:textures/blocks/flywheel.png
2014-05-29 11:42:44 [CLIENT] [SEVERE] Using missing texture, unable to load: minecraft:textures/blocks/MISSING_ICON_TILE_2064_block.fluid.bus.export.png
2014-05-29 11:42:44 [CLIENT] [SEVERE] Using missing texture, unable to load: thermalexpansion:textures/blocks/device/Device_Face_Lexicon.png
2014-05-29 11:42:44 [CLIENT] [SEVERE] Using missing texture, unable to load: ironchest:textures/blocks/dirtchest9000_front.png
2014-05-29 11:42:44 [CLIENT] [SEVERE] Using missing texture, unable to load: calclavia:textures/blocks/infiniteBlock.png
2014-05-29 11:42:44 [CLIENT] [SEVERE] Using missing texture, unable to load: minecraft:textures/blocks/MISSING_ICON_ITEM_4403_null.png
2014-05-29 11:42:44 [CLIENT] [SEVERE] Using missing texture, unable to load: minecraft:textures/blocks/MISSING_ICON_TILE_2063_block.walrus.png
2014-05-29 11:42:44 [CLIENT] [SEVERE] Using missing texture, unable to load: reactorcraft:textures/blocks/magnetpipe.png
2014-05-29 11:42:45 [CLIENT] [SEVERE] Using missing texture, unable to load: missing_icon_tile_4031_agriculture:textures/blocks/frier.png
2014-05-29 11:42:45 [CLIENT] [SEVERE] Using missing texture, unable to load: reactorcraft:textures/blocks/storage.png
2014-05-29 11:42:46 [CLIENT] [SEVERE] Using missing texture, unable to load: reactorcraft:textures/blocks/grate.png
2014-05-29 11:42:46 [CLIENT] [SEVERE] Using missing texture, unable to load: reactorcraft:textures/blocks/solenoid.png
2014-05-29 11:42:46 [CLIENT] [SEVERE] Using missing texture, unable to load: minecraft:textures/blocks/MISSING_ICON_TILE_2057_block.fluid.levelemitter.png
2014-05-29 11:42:46 [CLIENT] [SEVERE] Using missing texture, unable to load: minecraft:textures/blocks/MISSING_ICON_TILE_1322_InfMJSrc.png
2014-05-29 11:42:46 [CLIENT] [SEVERE] Using missing texture, unable to load: forestry:textures/blocks/wood/planks.giganteum.png
2014-05-29 11:42:46 [CLIENT] [SEVERE] Using missing texture, unable to load: minecraft:textures/blocks/MISSING_ICON_TILE_3284_bookshelf.png
2014-05-29 11:42:46 [CLIENT] [SEVERE] Using missing texture, unable to load: minecraft:textures/blocks/MISSING_ICON_TILE_2066_block.fluid.bus.storage.png
2014-05-29 11:42:46 [CLIENT] [SEVERE] Using missing texture, unable to load: minecraft:textures/blocks/MISSING_ICON_TILE_1369_geneticMachine.png
2014-05-29 11:42:46 [CLIENT] [SEVERE] Using missing texture, unable to load: reactorcraft:textures/blocks/gaspipe.png
2014-05-29 11:42:46 [CLIENT] [SEVERE] Using missing texture, unable to load: reactorcraft:textures/blocks/magnet.png
2014-05-29 11:42:47 [CLIENT] [SEVERE] Using missing texture, unable to load: missing_icon_tile_4038_agriculture:textures/blocks/oven.png
2014-05-29 11:42:47 [CLIENT] [SEVERE] Using missing texture, unable to load: minecraft:textures/blocks/MISSING_ICON_TILE_850_null_top.png
2014-05-29 11:42:47 [CLIENT] [SEVERE] Using missing texture, unable to load: reactorcraft:textures/blocks/pump.png
2014-05-29 11:42:47 [CLIENT] [SEVERE] Using missing texture, unable to load: minecraft:textures/blocks/MISSING_ICON_TILE_1370_apiaristMachine.png
2014-05-29 11:42:47 [CLIENT] [SEVERE] Using missing texture, unable to load: openperipheral:textures/blocks/sensor.png
2014-05-29 11:42:47 [CLIENT] [SEVERE] Using missing texture, unable to load: ironchest:textures/blocks/dirtchest9000_side.png
2014-05-29 11:42:47 [CLIENT] [SEVERE] Using missing texture, unable to load: ttinkerer:textures/blocks/repairer.png
2014-05-29 11:42:47 [CLIENT] [SEVERE] Using missing texture, unable to load: minecraft:textures/blocks/MISSING_ICON_TILE_880_blockHeraldry.png
2014-05-29 11:42:47 [CLIENT] [SEVERE] Using missing texture, unable to load: agriculture:textures/blocks/strawberry_stage_7.png
2014-05-29 11:42:47 [CLIENT] [SEVERE] Using missing texture, unable to load: agriculture:textures/blocks/strawberry_stage_4.png
2014-05-29 11:42:47 [CLIENT] [SEVERE] Using missing texture, unable to load: ttinkerer:textures/blocks/magnet.png
2014-05-29 11:42:47 [CLIENT] [SEVERE] Using missing texture, unable to load: minecraft:textures/blocks/MISSING_ICON_TILE_3173_machine.png
2014-05-29 11:42:47 [CLIENT] [SEVERE] Using missing texture, unable to load: minecraft:textures/blocks/MISSING_ICON_ITEM_15245_openblocks.stencil.png
2014-05-29 11:42:47 [CLIENT] [SEVERE] Using missing texture, unable to load: minecraft:textures/blocks/planks.png
2014-05-29 11:42:47 [CLIENT] [SEVERE] Using missing texture, unable to load: minecraft:textures/blocks/MISSING_ICON_TILE_1371_advGeneticMachine.png
2014-05-29 11:42:47 [CLIENT] [SEVERE] Using missing texture, unable to load: minecraft:textures/blocks/MISSING_ICON_TILE_2138_null.png
2014-05-29 11:42:47 [CLIENT] [SEVERE] Using missing texture, unable to load: agriculture:textures/blocks/vodka.png
2014-05-29 11:42:47 [CLIENT] [SEVERE] Using missing texture, unable to load: minecraft:textures/blocks/MISSING_ICON_TILE_3705_extratrees.block.machine.png
2014-05-29 11:42:47 [CLIENT] [SEVERE] Using missing texture, unable to load: minecraft:textures/blocks/MISSING_ICON_TILE_850_null_bottom.png
2014-05-29 11:42:47 [CLIENT] [SEVERE] Using missing texture, unable to load: minecraft:textures/blocks/MISSING_ICON_TILE_430_Converter.png
2014-05-29 11:42:47 [CLIENT] [SEVERE] Using missing texture, unable to load: reactorcraft:textures/blocks/condenser.png
2014-05-29 11:42:47 [CLIENT] [SEVERE] Using missing texture, unable to load: minecraft:textures/blocks/MISSING_ICON_TILE_850_null_side.png
2014-05-29 11:42:47 [CLIENT] [SEVERE] Using missing texture, unable to load: minecraft:textures/blocks/MISSING_ICON_TILE_2060_block.solderingstation.png
2014-05-29 11:42:47 [CLIENT] [SEVERE] Using missing texture, unable to load: minecraft:textures/blocks/MISSING_ICON_TILE_2950_multiBlock.png
2014-05-29 11:42:47 [CLIENT] [SEVERE] Using missing texture, unable to load: reactorcraft:textures/blocks/centrifuge.png
2014-05-29 11:42:47 [CLIENT] [SEVERE] Using missing texture, unable to load: minecraft:textures/blocks/MISSING_ICON_TILE_2129_projectred.expansion.machine1.png
2014-05-29 11:42:47 [CLIENT] [SEVERE] Using missing texture, unable to load: missing_icon_tile_4033_agriculture:textures/blocks/brewer.png
2014-05-29 11:42:47 [CLIENT] [SEVERE] Using missing texture, unable to load: agriculture:textures/blocks/cinnamon_stage_7.png
2014-05-29 11:42:47 [CLIENT] [SEVERE] Using missing texture, unable to load: reactorcraft:textures/blocks/electrolyzer.png
2014-05-29 11:42:47 [CLIENT] [SEVERE] Using missing texture, unable to load: reactorcraft:textures/blocks/heavypump.png
2014-05-29 11:42:47 [CLIENT] [SEVERE] Using missing texture, unable to load: missing_icon_tile_4037_agriculture:textures/blocks/counter.png
2014-05-29 11:42:47 [CLIENT] [SEVERE] Using missing texture, unable to load: reactorcraft:textures/blocks/steamline.png
2014-05-29 11:42:47 [CLIENT] [SEVERE] Using missing texture, unable to load: missing_icon_tile_4032_agriculture:textures/blocks/icebox.png
2014-05-29 11:42:47 [CLIENT] [SEVERE] Using missing texture, unable to load: reactorcraft:textures/blocks/collector.png
2014-05-29 11:42:47 [CLIENT] [SEVERE] Using missing texture, unable to load: reactorcraft:textures/blocks/processor.png
2014-05-29 11:42:47 [CLIENT] [SEVERE] Using missing texture, unable to load: thermalexpansion:textures/blocks/device/Device_Active_Lexicon.png
2014-05-29 11:42:47 [CLIENT] [SEVERE] Using missing texture, unable to load: missing_icon_tile_4036_agriculture:textures/blocks/processor.png
2014-05-29 12:45:25 [CLIENT] [INFO] Stopping!
2014-05-29 14:03:47 [CLIENT] [INFO] Setting user: Kronson
2014-05-29 14:03:48 [CLIENT] [INFO] LWJGL Version: 2.9.1
2014-05-29 14:03:49 [CLIENT] [INFO] Reloading ResourceManager: Default
2014-05-29 14:03:55 [CLIENT] [INFO] Reloading ResourceManager: Default, FMLFileResourcePack:Forge Mod Loader, FMLFileResourcePack:Minecraft Forge, FMLFileResourcePack:Not Enough Items, FMLFileResourcePack:PowerCrystals Core, FMLFileResourcePack:DenEvents, FMLFileResourcePack:Advanced Genetics, FMLFileResourcePack:Agriculture, FMLFileResourcePack:Ars Magica 2, FMLFileResourcePack:Another One Bites The Dust, FMLFileResourcePack:Applied Energistics, FMLFileResourcePack:Aroma1997Core|Helper, FMLFileResourcePack:Alternate Terrain Generation, FMLFileResourcePack:Autoutils, FMLFileResourcePack:Backpack, FMLFileResourcePack:BD Lib, FMLFileResourcePack:BetterStorage, FMLFileResourcePack:BiblioCraft, FMLFileResourcePack:BiblioWoods Biomes O'Plenty Edition, FMLFileResourcePack:BiblioWoods Forestry Edition, FMLFileResourcePack:BiblioWoods Highlands Edition, FMLFileResourcePack:BiblioWoods Natura Edition, FMLFileResourcePack:Big Reactors, FMLFileResourcePack:Binnie Core, FMLFileResourcePack:Extra Bees, FMLFileResourcePack:Extra Trees, FMLFileResourcePack:Biomes O' Plenty, FMLFileResourcePack:Blood Magic: Alchemical Wizardry, FMLFileResourcePack:BC Builders, FMLFileResourcePack:BuildCraft, FMLFileResourcePack:BC Energy, FMLFileResourcePack:BC Factory, FMLFileResourcePack:BC Silicon, FMLFileResourcePack:BC Transport, FMLFileResourcePack:Additional Buildcraft Objects, FMLFileResourcePack:Calclavia, FMLFileResourcePack:ChickenChunks, FMLFileResourcePack:Chisel, FMLFileResourcePack:CoFH Core, FMLFileResourcePack:CoFH Loot, FMLFileResourcePack:CoFH Masquerade, FMLFileResourcePack:CoFH Social, FMLFileResourcePack:CoFH World, FMLFileResourcePack:Compact Solar Arrays, FMLFileResourcePack:CompactWindmills, FMLFileResourcePack:ComputerCraft, FMLFileResourcePack:DenPipes, FMLFileResourcePack:DenPipes-Emerald, FMLFileResourcePack:DenPipes-Forestry, FMLFileResourcePack:DragonAPI, FMLFileResourcePack:Dynamic Liquid Tanks 2, FMLFileResourcePack:ElectriCraft, FMLFileResourcePack:Emasher Resource, FMLFileResourcePack:Ender IO, FMLFileResourcePack:EnderStorage, FMLFileResourcePack:Engineer's Toolbox, FMLFileResourcePack:EnhancedPortals, FMLFileResourcePack:ExpandedRedstone, FMLFileResourcePack:ExtraCells, FMLFileResourcePack:Extra Utilities, FMLFileResourcePack:Factorization Miscellaneous Nonsense, FMLFileResourcePack:Factorization Notification System, FMLFileResourcePack:Factorization Dimensional Slices, FMLFileResourcePack:Factorization, FMLFileResourcePack:Flat Signs, FMLFileResourcePack:Forbidden Magic, FMLFileResourcePack:Forestry for Minecraft, FMLFileResourcePack:Galacticraft Core, FMLFileResourcePack:Galacticraft Mars, FMLFileResourcePack:GasCraft, FMLFileResourcePack:GateCopy, FMLFileResourcePack:GenDustry, FMLFileResourcePack:GregTech-Addon, FMLFileResourcePack:Hardcore Ender Expansion, FMLFileResourcePack:Highlands, FMLFileResourcePack:Hopper Ducts, FMLFileResourcePack:Nuclear Control, FMLFileResourcePack:iChunUtil, FMLFileResourcePack:IndustrialCraft 2, FMLFileResourcePack:Inventory Tweaks, FMLFileResourcePack:Iron Chest, FMLFileResourcePack:JABBA, FMLFileResourcePack:Logistics Pipes, FMLFileResourcePack:Lycanites Mobs, FMLFileResourcePack:Lycanites Arctic Mobs, FMLFileResourcePack:Lycanites Demon Mobs, FMLFileResourcePack:Lycanites Desert Mobs, FMLFileResourcePack:Lycanites Forest Mobs, FMLFileResourcePack:Lycanites Inferno Mobs, FMLFileResourcePack:Lycanites Jungle Mobs, FMLFileResourcePack:Lycanites Mountain Mobs, FMLFileResourcePack:Lycanites Plains Mobs, FMLFileResourcePack:Lycanites Saltwater Mobs, FMLFileResourcePack:Lycanites Swamp Mobs, FMLFileResourcePack:Magical Crops, FMLFileResourcePack:Magical Crops - Crops & Food, FMLFileResourcePack:Magic Bees, FMLFileResourcePack:Mekanism, FMLFileResourcePack:MekanismGenerators, FMLFileResourcePack:MFR Compat Extra Trees, FMLFileResourcePack:MFR Compat Forestry Trees, FMLFileResourcePack:MineFactory Reloaded, FMLFileResourcePack:MFR Compat: Applied Energistics, FMLFileResourcePack:MFR Compat: Atum, FMLFileResourcePack:MFR Compat: BackTools, FMLFileResourcePack:MFR Compat: BuildCraft, FMLFileResourcePack:MFR Compat: Chococraft, FMLFileResourcePack:MFR Compat: ExtraBiomes, FMLFileResourcePack:MFR Compat: Forestry, FMLFileResourcePack:MFR Compat: Forestry (part 2), FMLFileResourcePack:MFR Compat: ForgeMicroblock, FMLFileResourcePack:MFR Compat: IC2, FMLFileResourcePack:MFR Compat: Mystcraft, FMLFileResourcePack:MFR Compat: Pam's Mods, FMLFileResourcePack:MFR Compat ProjectRed, FMLFileResourcePack:MFR Compat: Railcraft, FMLFileResourcePack:MFR Compat: RP2, FMLFileResourcePack:MFR Compat: Sufficient Biomes, FMLFileResourcePack:MFR Compat: Thaumcraft, FMLFileResourcePack:MFR Compat: Thermal Expansion, FMLFileResourcePack:MFR Compat: TwilightForest, FMLFileResourcePack:MFR Compat: Vanilla, FMLFileResourcePack:MFR Compat: XyCraft, FMLFileResourcePack:Gravitation Suite, FMLFileResourcePack:Modular Force Field System, FMLFileResourcePack:MachineMuse's Modular Powersuits, FMLFileResourcePack:Morpheus, FMLFileResourcePack:Mystcraft, FMLFileResourcePack:Natura, FMLFileResourcePack:NEI Addons, FMLFileResourcePack:NEI Addons: Applied Energistics, FMLFileResourcePack:NEI Addons: Misc Peripherals, FMLFileResourcePack:NEI Addons: Extra Bees, FMLFileResourcePack:NEI Addons: Forestry, FMLFileResourcePack:NEI Addons: Crafting Tables, FMLFileResourcePack:NEI Plugins, FMLFileResourcePack:Nether Ores, FMLFileResourcePack:Not Enough Keys, FMLFileResourcePack:Numina, FMLFileResourcePack:Obsidian Pressure Plates, FMLFileResourcePack:OpenBlocks, FMLFileResourcePack:OpenMods, FMLFileResourcePack:OpenPeripheralAddons, FMLFileResourcePack:OpenPeripheralCore, FMLFileResourcePack:Power Converters, FMLFileResourcePack:Andrew's Modular Powersuits Addons, FMLFileResourcePack:ProjectRed, FMLFileResourcePack:ProjectRed-Compatibility, FMLFileResourcePack:ProjectRed-Integration, FMLFileResourcePack:ProjectRed-Transmission, FMLFileResourcePack:ProjectRed-Illumination, FMLFileResourcePack:ProjectRed-Expansion, FMLFileResourcePack:ProjectRed-Transportation, FMLFileResourcePack:ProjectRed-Exploration, FMLFileResourcePack:QuarryPlus, FMLFileResourcePack:Railcraft, FMLFileResourcePack:Random Things, FMLFileResourcePack:ReactorCraft, FMLFileResourcePack:Redstone Arsenal, FMLFileResourcePack:Xeno's Reliquary, FMLFileResourcePack:Remote IO, FMLFileResourcePack:Rivvest's Enhancements to Villager and Mob Performance, FMLFileResourcePack:Roguelike Dungeons, FMLFileResourcePack:RotaryCraft, FMLFileResourcePack:Special Mobs, FMLFileResourcePack:Switches, FMLFileResourcePack:Tinkers' Construct, FMLFileResourcePack:Thaumcraft, FMLFileResourcePack:Thaumcraft Mob Aspects, FMLFileResourcePack:Thaumic Tinkerer, FMLFileResourcePack:Thermal Expansion, FMLFileResourcePack:Tinkers' Mechworks, FMLFileResourcePack:Torch Levers, FMLFileResourcePack:The Twilight Forest, FMLFileResourcePack:Universal Electricity, FMLFileResourcePack:Waila, FMLFileResourcePack:WR-CBE Addons, FMLFileResourcePack:WR-CBE Core, FMLFileResourcePack:WR-CBE Logic, FMLFileResourcePack:MineTweaker, FMLFileResourcePack:Forge Microblocks, FMLFileResourcePack:Forge Multipart, FMLFileResourcePack:Minecraft Multipart Plugin
2014-05-29 14:04:27 [CLIENT] [SEVERE] Using missing texture, unable to load: minecraft:textures/blocks/.png
2014-05-29 14:04:27 [CLIENT] [SEVERE] Using missing texture, unable to load: reactorcraft:textures/blocks/generator.png
2014-05-29 14:04:27 [CLIENT] [SEVERE] Using missing texture, unable to load: arsmagica2:textures/blocks/blockthorns_top.png
2014-05-29 14:04:27 [CLIENT] [SEVERE] Using missing texture, unable to load: minecraft:textures/blocks/MISSING_ICON_TILE_1372_extrabees.block.alveary.png
2014-05-29 14:04:27 [CLIENT] [SEVERE] Using missing texture, unable to load: ironchest:textures/blocks/dirtchest9000_top.png
2014-05-29 14:04:27 [CLIENT] [SEVERE] Using missing texture, unable to load: reactorcraft:textures/blocks/bigturbine.png
2014-05-29 14:04:27 [CLIENT] [SEVERE] Using missing texture, unable to load: reactorcraft:textures/blocks/turbinecore.png
2014-05-29 14:04:27 [CLIENT] [SEVERE] Using missing texture, unable to load: minecraft:textures/blocks/MISSING_ICON_TILE_1329_RefineryPlus.png
2014-05-29 14:04:27 [CLIENT] [SEVERE] Using missing texture, unable to load: arsmagica2:textures/blocks/blockthorns_side.png
2014-05-29 14:04:27 [CLIENT] [SEVERE] Using missing texture, unable to load: reactorcraft:textures/blocks/flywheel.png
2014-05-29 14:04:27 [CLIENT] [SEVERE] Using missing texture, unable to load: ironchest:textures/blocks/dirtchest9000_front.png
2014-05-29 14:04:27 [CLIENT] [SEVERE] Using missing texture, unable to load: calclavia:textures/blocks/infiniteBlock.png
2014-05-29 14:04:27 [CLIENT] [SEVERE] Using missing texture, unable to load: arsmagica2:textures/blocks/invisibleUtility.png
2014-05-29 14:04:28 [CLIENT] [SEVERE] Using missing texture, unable to load: reactorcraft:textures/blocks/magnetpipe.png
2014-05-29 14:04:28 [CLIENT] [SEVERE] Using missing texture, unable to load: advancedgenetics:textures/blocks/tile.dnatransmutator.name.png
2014-05-29 14:04:28 [CLIENT] [SEVERE] Using missing texture, unable to load: advancedgenetics:textures/blocks/tile.dnacombiner.name.png
2014-05-29 14:04:28 [CLIENT] [SEVERE] Using missing texture, unable to load: reactorcraft:textures/blocks/storage.png
2014-05-29 14:04:28 [CLIENT] [SEVERE] Using missing texture, unable to load: arsmagica2:textures/blocks/keystonechest.png
2014-05-29 14:04:28 [CLIENT] [SEVERE] Using missing texture, unable to load: reactorcraft:textures/blocks/grate.png
2014-05-29 14:04:28 [CLIENT] [SEVERE] Using missing texture, unable to load: advancedgenetics:textures/blocks/tile.dnaautosplitter.name.png
2014-05-29 14:04:28 [CLIENT] [SEVERE] Using missing texture, unable to load: arsmagica2:textures/blocks/arcane_empowerment_table_side.png
2014-05-29 14:04:28 [CLIENT] [SEVERE] Using missing texture, unable to load: arsmagica2:textures/blocks/essencenexus.png
2014-05-29 14:04:28 [CLIENT] [SEVERE] Using missing texture, unable to load: reactorcraft:textures/blocks/solenoid.png
2014-05-29 14:04:28 [CLIENT] [SEVERE] Using missing texture, unable to load: minecraft:textures/blocks/MISSING_ICON_TILE_1322_InfMJSrc.png
2014-05-29 14:04:28 [CLIENT] [SEVERE] Using missing texture, unable to load: forestry:textures/blocks/wood/planks.giganteum.png
2014-05-29 14:04:28 [CLIENT] [SEVERE] Using missing texture, unable to load: minecraft:textures/blocks/MISSING_ICON_TILE_3284_bookshelf.png
2014-05-29 14:04:28 [CLIENT] [SEVERE] Using missing texture, unable to load: arsmagica2:textures/blocks/blockthorns_bottom.png
2014-05-29 14:04:28 [CLIENT] [SEVERE] Using missing texture, unable to load: reactorcraft:textures/blocks/gaspipe.png
2014-05-29 14:04:28 [CLIENT] [SEVERE] Using missing texture, unable to load: reactorcraft:textures/blocks/magnet.png
2014-05-29 14:04:28 [CLIENT] [SEVERE] Using missing texture, unable to load: advancedgenetics:textures/blocks/tile.dnainsulator.name.png
2014-05-29 14:04:28 [CLIENT] [SEVERE] Using missing texture, unable to load: reactorcraft:textures/blocks/marker.png
2014-05-29 14:04:28 [CLIENT] [SEVERE] Using missing texture, unable to load: reactorcraft:textures/blocks/pump.png
2014-05-29 14:04:28 [CLIENT] [SEVERE] Using missing texture, unable to load: advancedgenetics:textures/blocks/tile.dnaextractor.name.png
2014-05-29 14:04:28 [CLIENT] [SEVERE] Using missing texture, unable to load: ironchest:textures/blocks/dirtchest9000_side.png
2014-05-29 14:04:28 [CLIENT] [SEVERE] Using missing texture, unable to load: ttinkerer:textures/blocks/repairer.png
2014-05-29 14:04:28 [CLIENT] [SEVERE] Using missing texture, unable to load: advancedgenetics:textures/blocks/tile.dnabreeder.name.png
2014-05-29 14:04:28 [CLIENT] [SEVERE] Using missing texture, unable to load: ttinkerer:textures/blocks/magnet.png
2014-05-29 14:04:28 [CLIENT] [SEVERE] Using missing texture, unable to load: missing_icon_tile_759_arsmagica2:textures/blocks/keystoneTrapdoor.png
2014-05-29 14:04:28 [CLIENT] [SEVERE] Using missing texture, unable to load: arsmagica2:textures/blocks/custom_block.png
2014-05-29 14:04:28 [CLIENT] [SEVERE] Using missing texture, unable to load: minecraft:textures/blocks/MISSING_ICON_ITEM_15245_openblocks.stencil.png
2014-05-29 14:04:28 [CLIENT] [SEVERE] Using missing texture, unable to load: advancedgenetics:textures/blocks/tile.dnasplitter.name.png
2014-05-29 14:04:28 [CLIENT] [SEVERE] Using missing texture, unable to load: arsmagica2:textures/blocks/arcanereconstructor.png
2014-05-29 14:04:29 [CLIENT] [SEVERE] Using missing texture, unable to load: advancedgenetics:textures/blocks/tile.dnaremover.name.png
2014-05-29 14:04:29 [CLIENT] [SEVERE] Using missing texture, unable to load: minecraft:textures/blocks/MISSING_ICON_TILE_3705_extratrees.block.machine.png
2014-05-29 14:04:29 [CLIENT] [SEVERE] Using missing texture, unable to load: minecraft:textures/blocks/MISSING_ICON_TILE_430_Converter.png
2014-05-29 14:04:29 [CLIENT] [SEVERE] Using missing texture, unable to load: reactorcraft:textures/blocks/condenser.png
2014-05-29 14:04:29 [CLIENT] [SEVERE] Using missing texture, unable to load: minecraft:textures/blocks/MISSING_ICON_TILE_2950_multiBlock.png
2014-05-29 14:04:29 [CLIENT] [SEVERE] Using missing texture, unable to load: reactorcraft:textures/blocks/centrifuge.png
2014-05-29 14:04:29 [CLIENT] [SEVERE] Using missing texture, unable to load: advancedgenetics:textures/blocks/tile.dnaanalyser.name.png
2014-05-29 14:04:29 [CLIENT] [SEVERE] Using missing texture, unable to load: advancedgenetics:textures/blocks/tile.dnaencoder.name.png
2014-05-29 14:04:29 [CLIENT] [SEVERE] Using missing texture, unable to load: advancedgenetics:textures/blocks/tile.centrifuge.name.png
2014-05-29 14:04:29 [CLIENT] [SEVERE] Using missing texture, unable to load: reactorcraft:textures/blocks/electrolyzer.png
2014-05-29 14:04:29 [CLIENT] [SEVERE] Using missing texture, unable to load: reactorcraft:textures/blocks/heavypump.png
2014-05-29 14:04:29 [CLIENT] [SEVERE] Using missing texture, unable to load: arsmagica2:textures/blocks/darknexus.png
2014-05-29 14:04:29 [CLIENT] [SEVERE] Using missing texture, unable to load: galacticraftcore:textures/blocks/treasure_front_single.png
2014-05-29 14:04:29 [CLIENT] [SEVERE] Using missing texture, unable to load: openblocks:textures/blocks/goldenegg.png
2014-05-29 14:04:29 [CLIENT] [SEVERE] Using missing texture, unable to load: missing_icon_tile_831_arsmagica2:textures/blocks/magic_sigil.png
2014-05-29 14:04:29 [CLIENT] [SEVERE] Using missing texture, unable to load: arsmagica2:textures/blocks/hiddenTile.png
2014-05-29 14:04:29 [CLIENT] [SEVERE] Using missing texture, unable to load: reactorcraft:textures/blocks/steamline.png
2014-05-29 14:04:29 [CLIENT] [SEVERE] Using missing texture, unable to load: reactorcraft:textures/blocks/collector.png
2014-05-29 14:04:29 [CLIENT] [SEVERE] Using missing texture, unable to load: reactorcraft:textures/blocks/processor.png
2014-05-29 14:04:29 [CLIENT] [SEVERE] Using missing texture, unable to load: arsmagica2:textures/blocks/lightnexus.png
2014-05-29 14:04:30 [CLIENT] [SEVERE] Using missing texture, unable to load: arsmagica2:textures/items/mana_scepter.png
2014-05-29 14:04:30 [CLIENT] [SEVERE] Using missing texture, unable to load: minecraft:textures/items/MISSING_ICON_ITEM_30808_item.bedrockshears.png
2014-05-29 14:04:30 [CLIENT] [SEVERE] Using missing texture, unable to load: magicbees:textures/items/nuggetNickel.png
2014-05-29 14:04:30 [CLIENT] [SEVERE] Using missing texture, unable to load: arsmagica2:textures/items/affinity_tome_magma.png
2014-05-29 14:04:30 [CLIENT] [SEVERE] Using missing texture, unable to load: forestry:textures/items/analyzer/natural.png
2014-05-29 14:04:30 [CLIENT] [SEVERE] Using missing texture, unable to load: ttinkerer:textures/items/ichorShovelGem.png
2014-05-29 14:04:30 [CLIENT] [SEVERE] Using missing texture, unable to load: missing_icon_item_22255_arsmagica2:textures/items/air_sled.png
2014-05-29 14:04:30 [CLIENT] [SEVERE] Using missing texture, unable to load: factorization:textures/items/docbook.png
2014-05-29 14:04:31 [CLIENT] [SEVERE] Using missing texture, unable to load: missing_icon_item_22251_arsmagica2:textures/items/fire_ears.png
2014-05-29 14:04:31 [CLIENT] [SEVERE] Using missing texture, unable to load: forestry:textures/items/misc/liquid.png
2014-05-29 14:04:31 [CLIENT] [SEVERE] Using missing texture, unable to load: missing_icon_item_22248_arsmagica2:textures/items/water_orbs.png
2014-05-29 14:04:31 [CLIENT] [SEVERE] Using missing texture, unable to load: arsmagica2:textures/items/magic_broom.png
2014-05-29 14:04:31 [CLIENT] [SEVERE] Using missing texture, unable to load: minecraft:textures/items/MISSING_ICON_ITEM_18276_item.hazhelmet.png
2014-05-29 14:04:31 [CLIENT] [SEVERE] Using missing texture, unable to load: minecraft:textures/items/MISSING_ICON_ITEM_18279_item.hazboots.png
2014-05-29 14:04:31 [CLIENT] [SEVERE] Using missing texture, unable to load: ttinkerer:textures/items/ichorPickGem.png
2014-05-29 14:04:31 [CLIENT] [SEVERE] Using missing texture, unable to load: ttinkerer:textures/items/ichorSwordGem.png
2014-05-29 14:04:31 [CLIENT] [SEVERE] Using missing texture, unable to load: minecraft:textures/items/MISSING_ICON_ITEM_31961_ccprogramdisk.png
2014-05-29 14:04:31 [CLIENT] [SEVERE] Using missing texture, unable to load: magicbees:textures/items/nuggetElectrum.png
2014-05-29 14:04:31 [CLIENT] [SEVERE] Using missing texture, unable to load: galacticraftcore:textures/items/key_T1.png
2014-05-29 14:04:31 [CLIENT] [SEVERE] Using missing texture, unable to load: magicbees:textures/items/nuggetEnderium.png
2014-05-29 14:04:31 [CLIENT] [SEVERE] Using missing texture, unable to load: factorization:textures/items/charge_battery.png
2014-05-29 14:04:31 [CLIENT] [SEVERE] Using missing texture, unable to load: magicbees:textures/items/nuggetPlatinum.png
2014-05-29 14:04:31 [CLIENT] [SEVERE] Using missing texture, unable to load: magicbees:textures/items/nuggetInvar.png
2014-05-29 14:04:31 [CLIENT] [SEVERE] Using missing texture, unable to load: forestry:textures/items/misc/empty.png
2014-05-29 14:04:31 [CLIENT] [SEVERE] Using missing texture, unable to load: minecraft:textures/items/MISSING_ICON_ITEM_30809_item.steelshears.png
2014-05-29 14:04:31 [CLIENT] [SEVERE] Using missing texture, unable to load: minecraft:textures/items/MISSING_ICON_ITEM_18278_item.hazlegs.png
2014-05-29 14:04:31 [CLIENT] [SEVERE] Using missing texture, unable to load: ic2:textures/items/plasmaLauncher.png
2014-05-29 14:04:31 [CLIENT] [SEVERE] Using missing texture, unable to load: minecraft:textures/items/MISSING_ICON_ITEM_30804_item.bedrockhoe.png
2014-05-29 14:04:31 [CLIENT] [SEVERE] Using missing texture, unable to load: minecraft:textures/items/MISSING_ICON_ITEM_30806_item.bedrocksword.png
2014-05-29 14:04:31 [CLIENT] [SEVERE] Using missing texture, unable to load: magicbees:textures/items/nuggetBronze.png
2014-05-29 14:04:31 [CLIENT] [SEVERE] Using missing texture, unable to load: minecraft:textures/items/MISSING_ICON_ITEM_18277_item.hazchest.png
2014-05-29 14:04:31 [CLIENT] [SEVERE] Using missing texture, unable to load: missing_icon_item_22247_arsmagica2:textures/items/winter_arm.png
2014-05-29 14:04:31 [CLIENT] [SEVERE] Using missing texture, unable to load: minecraft:textures/items/MISSING_ICON_ITEM_30805_item.steelhoe.png
2014-05-29 14:04:31 [CLIENT] [SEVERE] Using missing texture, unable to load: minecraft:textures/items/meteorChunk.png
2014-05-29 14:04:31 [CLIENT] [SEVERE] Using missing texture, unable to load: ttinkerer:textures/items/ichorAxeGem.png
2014-05-29 14:04:31 [CLIENT] [SEVERE] Using missing texture, unable to load: minecraft:textures/items/MISSING_ICON_ITEM_30807_item.steelsword.png
2014-05-29 14:04:31 [CLIENT] [SEVERE] Using missing texture, unable to load: missing_icon_item_22252_arsmagica2:textures/items/earth_armor.png
2014-05-29 14:05:35 [CLIENT] [INFO] Reloading ResourceManager: Default, FMLFileResourcePack:Forge Mod Loader, FMLFileResourcePack:Minecraft Forge, FMLFileResourcePack:Not Enough Items, FMLFileResourcePack:PowerCrystals Core, FMLFileResourcePack:DenEvents, FMLFileResourcePack:Advanced Genetics, FMLFileResourcePack:Agriculture, FMLFileResourcePack:Ars Magica 2, FMLFileResourcePack:Another One Bites The Dust, FMLFileResourcePack:Applied Energistics, FMLFileResourcePack:Aroma1997Core|Helper, FMLFileResourcePack:Alternate Terrain Generation, FMLFileResourcePack:Autoutils, FMLFileResourcePack:Backpack, FMLFileResourcePack:BD Lib, FMLFileResourcePack:BetterStorage, FMLFileResourcePack:BiblioCraft, FMLFileResourcePack:BiblioWoods Biomes O'Plenty Edition, FMLFileResourcePack:BiblioWoods Forestry Edition, FMLFileResourcePack:BiblioWoods Highlands Edition, FMLFileResourcePack:BiblioWoods Natura Edition, FMLFileResourcePack:Big Reactors, FMLFileResourcePack:Binnie Core, FMLFileResourcePack:Extra Bees, FMLFileResourcePack:Extra Trees, FMLFileResourcePack:Biomes O' Plenty, FMLFileResourcePack:Blood Magic: Alchemical Wizardry, FMLFileResourcePack:BC Builders, FMLFileResourcePack:BuildCraft, FMLFileResourcePack:BC Energy, FMLFileResourcePack:BC Factory, FMLFileResourcePack:BC Silicon, FMLFileResourcePack:BC Transport, FMLFileResourcePack:Additional Buildcraft Objects, FMLFileResourcePack:CalclaviaCore, FMLFileResourcePack:ChickenChunks, FMLFileResourcePack:Chisel, FMLFileResourcePack:CoFH Core, FMLFileResourcePack:CoFH Loot, FMLFileResourcePack:CoFH Masquerade, FMLFileResourcePack:CoFH Social, FMLFileResourcePack:CoFH World, FMLFileResourcePack:Compact Solar Arrays, FMLFileResourcePack:CompactWindmills, FMLFileResourcePack:ComputerCraft, FMLFileResourcePack:DenPipes, FMLFileResourcePack:DenPipes-Emerald, FMLFileResourcePack:DenPipes-Forestry, FMLFileResourcePack:DragonAPI, FMLFileResourcePack:Dynamic Liquid Tanks 2, FMLFileResourcePack:ElectriCraft, FMLFileResourcePack:Emasher Resource, FMLFileResourcePack:Ender IO, FMLFileResourcePack:EnderStorage, FMLFileResourcePack:Engineer's Toolbox, FMLFileResourcePack:EnhancedPortals, FMLFileResourcePack:ExpandedRedstone, FMLFileResourcePack:ExtraCells, FMLFileResourcePack:Extra Utilities, FMLFileResourcePack:Factorization Miscellaneous Nonsense, FMLFileResourcePack:Factorization Notification System, FMLFileResourcePack:Factorization Dimensional Slices, FMLFileResourcePack:Factorization, FMLFileResourcePack:Flat Signs, FMLFileResourcePack:Forbidden Magic, FMLFileResourcePack:Forestry for Minecraft, FMLFileResourcePack:Galacticraft Core, FMLFileResourcePack:Galacticraft Mars, FMLFileResourcePack:GasCraft, FMLFileResourcePack:GateCopy, FMLFileResourcePack:GenDustry, FMLFileResourcePack:GregTech-Addon, FMLFileResourcePack:Hardcore Ender Expansion, FMLFileResourcePack:Highlands, FMLFileResourcePack:Hopper Ducts, FMLFileResourcePack:Nuclear Control, FMLFileResourcePack:iChunUtil, FMLFileResourcePack:IndustrialCraft 2, FMLFileResourcePack:Inventory Tweaks, FMLFileResourcePack:Iron Chest, FMLFileResourcePack:JABBA, FMLFileResourcePack:Logistics Pipes, FMLFileResourcePack:Lycanites Mobs, FMLFileResourcePack:Lycanites Arctic Mobs, FMLFileResourcePack:Lycanites Demon Mobs, FMLFileResourcePack:Lycanites Desert Mobs, FMLFileResourcePack:Lycanites Forest Mobs, FMLFileResourcePack:Lycanites Inferno Mobs, FMLFileResourcePack:Lycanites Jungle Mobs, FMLFileResourcePack:Lycanites Mountain Mobs, FMLFileResourcePack:Lycanites Plains Mobs, FMLFileResourcePack:Lycanites Saltwater Mobs, FMLFileResourcePack:Lycanites Swamp Mobs, FMLFileResourcePack:Magical Crops, FMLFileResourcePack:Magical Crops - Crops & Food, FMLFileResourcePack:Magic Bees, FMLFileResourcePack:Mekanism, FMLFileResourcePack:MekanismGenerators, FMLFileResourcePack:MFR Compat Extra Trees, FMLFileResourcePack:MFR Compat Forestry Trees, FMLFileResourcePack:MineFactory Reloaded, FMLFileResourcePack:MFR Compat: Applied Energistics, FMLFileResourcePack:MFR Compat: Atum, FMLFileResourcePack:MFR Compat: BackTools, FMLFileResourcePack:MFR Compat: BuildCraft, FMLFileResourcePack:MFR Compat: Chococraft, FMLFileResourcePack:MFR Compat: ExtraBiomes, FMLFileResourcePack:MFR Compat: Forestry, FMLFileResourcePack:MFR Compat: Forestry (part 2), FMLFileResourcePack:MFR Compat: ForgeMicroblock, FMLFileResourcePack:MFR Compat: IC2, FMLFileResourcePack:MFR Compat: Mystcraft, FMLFileResourcePack:MFR Compat: Pam's Mods, FMLFileResourcePack:MFR Compat ProjectRed, FMLFileResourcePack:MFR Compat: Railcraft, FMLFileResourcePack:MFR Compat: RP2, FMLFileResourcePack:MFR Compat: Sufficient Biomes, FMLFileResourcePack:MFR Compat: Thaumcraft, FMLFileResourcePack:MFR Compat: Thermal Expansion, FMLFileResourcePack:MFR Compat: TwilightForest, FMLFileResourcePack:MFR Compat: Vanilla, FMLFileResourcePack:MFR Compat: XyCraft, FMLFileResourcePack:Gravitation Suite, FMLFileResourcePack:Modular Force Field System, FMLFileResourcePack:MachineMuse's Modular Powersuits, FMLFileResourcePack:Morpheus, FMLFileResourcePack:Mystcraft, FMLFileResourcePack:Natura, FMLFileResourcePack:NEI Addons, FMLFileResourcePack:NEI Addons: Applied Energistics, FMLFileResourcePack:NEI Addons: Misc Peripherals, FMLFileResourcePack:NEI Addons: Extra Bees, FMLFileResourcePack:NEI Addons: Forestry, FMLFileResourcePack:NEI Addons: Crafting Tables, FMLFileResourcePack:NEI Plugins, FMLFileResourcePack:Nether Ores, FMLFileResourcePack:Not Enough Keys, FMLFileResourcePack:Numina, FMLFileResourcePack:Obsidian Pressure Plates, FMLFileResourcePack:OpenBlocks, FMLFileResourcePack:OpenMods, FMLFileResourcePack:OpenPeripheralAddons, FMLFileResourcePack:OpenPeripheralCore, FMLFileResourcePack:Power Converters, FMLFileResourcePack:Andrew's Modular Powersuits Addons, FMLFileResourcePack:ProjectRed, FMLFileResourcePack:ProjectRed-Compatibility, FMLFileResourcePack:ProjectRed-Integration, FMLFileResourcePack:ProjectRed-Transmission, FMLFileResourcePack:ProjectRed-Illumination, FMLFileResourcePack:ProjectRed-Expansion, FMLFileResourcePack:ProjectRed-Transportation, FMLFileResourcePack:ProjectRed-Exploration, FMLFileResourcePack:QuarryPlus, FMLFileResourcePack:Railcraft, FMLFileResourcePack:Random Things, FMLFileResourcePack:ReactorCraft, FMLFileResourcePack:Redstone Arsenal, FMLFileResourcePack:Xeno's Reliquary, FMLFileResourcePack:Remote IO, FMLFileResourcePack:Rivvest's Enhancements to Villager and Mob Performance, FMLFileResourcePack:Roguelike Dungeons, FMLFileResourcePack:RotaryCraft, FMLFileResourcePack:Special Mobs, FMLFileResourcePack:Switches, FMLFileResourcePack:Tinkers' Construct, FMLFileResourcePack:Thaumcraft, FMLFileResourcePack:Thaumcraft Mob Aspects, FMLFileResourcePack:Thaumic Tinkerer, FMLFileResourcePack:Thermal Expansion, FMLFileResourcePack:Tinkers' Mechworks, FMLFileResourcePack:Torch Levers, FMLFileResourcePack:The Twilight Forest, FMLFileResourcePack:Universal Electricity, FMLFileResourcePack:Waila, FMLFileResourcePack:WR-CBE Addons, FMLFileResourcePack:WR-CBE Core, FMLFileResourcePack:WR-CBE Logic, FMLFileResourcePack:MineTweaker, FMLFileResourcePack:Forge Microblocks, FMLFileResourcePack:Forge Multipart, FMLFileResourcePack:Minecraft Multipart Plugin
2014-05-29 14:05:35 [CLIENT] [SEVERE] Using missing texture, unable to load: arsmagica2:textures/items/mana_scepter.png
2014-05-29 14:05:35 [CLIENT] [SEVERE] Using missing texture, unable to load: minecraft:textures/items/MISSING_ICON_ITEM_30808_item.bedrockshears.png
2014-05-29 14:05:35 [CLIENT] [SEVERE] Using missing texture, unable to load: magicbees:textures/items/nuggetNickel.png
2014-05-29 14:05:35 [CLIENT] [SEVERE] Using missing texture, unable to load: extracells:textures/items/storage.fluid.1m.png
2014-05-29 14:05:35 [CLIENT] [SEVERE] Using missing texture, unable to load: arsmagica2:textures/items/affinity_tome_magma.png
2014-05-29 14:05:35 [CLIENT] [SEVERE] Using missing texture, unable to load: extracells:textures/items/storage.fluid.4m.png
2014-05-29 14:05:35 [CLIENT] [SEVERE] Using missing texture, unable to load: forestry:textures/items/analyzer/natural.png
2014-05-29 14:05:35 [CLIENT] [SEVERE] Using missing texture, unable to load: missing_icon_item_10260_extrautils:textures/items/creativebuilderswand.png
2014-05-29 14:05:35 [CLIENT] [SEVERE] Using missing texture, unable to load: ttinkerer:textures/items/ichorShovelGem.png
2014-05-29 14:05:35 [CLIENT] [SEVERE] Using missing texture, unable to load: missing_icon_item_22255_arsmagica2:textures/items/air_sled.png
2014-05-29 14:05:35 [CLIENT] [SEVERE] Using missing texture, unable to load: extracells:textures/items/storage.fluid.256k.png
2014-05-29 14:05:35 [CLIENT] [SEVERE] Using missing texture, unable to load: factorization:textures/items/docbook.png
2014-05-29 14:05:36 [CLIENT] [SEVERE] Using missing texture, unable to load: missing_icon_item_10258_extrautils:textures/items/unstableingot.png
2014-05-29 14:05:36 [CLIENT] [SEVERE] Using missing texture, unable to load: logisticspipes:textures/items/ItemPipeSignCreator.png
2014-05-29 14:05:36 [CLIENT] [SEVERE] Using missing texture, unable to load: missing_icon_item_22251_arsmagica2:textures/items/fire_ears.png
2014-05-29 14:05:36 [CLIENT] [SEVERE] Using missing texture, unable to load: forestry:textures/items/misc/liquid.png
2014-05-29 14:05:36 [CLIENT] [SEVERE] Using missing texture, unable to load: missing_icon_item_22248_arsmagica2:textures/items/water_orbs.png
2014-05-29 14:05:36 [CLIENT] [SEVERE] Using missing texture, unable to load: arsmagica2:textures/items/magic_broom.png
2014-05-29 14:05:36 [CLIENT] [SEVERE] Using missing texture, unable to load: extracells:textures/items/storage.fluid.16m.png
2014-05-29 14:05:36 [CLIENT] [SEVERE] Using missing texture, unable to load: forestry:textures/items/crates/silver.png
2014-05-29 14:05:36 [CLIENT] [SEVERE] Using missing texture, unable to load: missing_icon_item_10263_extrautils:textures/items/destructionpickaxe.png
2014-05-29 14:05:36 [CLIENT] [SEVERE] Using missing texture, unable to load: minecraft:textures/items/MISSING_ICON_ITEM_18276_item.hazhelmet.png
2014-05-29 14:05:36 [CLIENT] [SEVERE] Using missing texture, unable to load: agriculture:textures/items/gelatin.png
2014-05-29 14:05:36 [CLIENT] [SEVERE] Using missing texture, unable to load: minecraft:textures/items/MISSING_ICON_ITEM_18279_item.hazboots.png
2014-05-29 14:05:36 [CLIENT] [SEVERE] Using missing texture, unable to load: missing_icon_item_10264_extrautils:textures/items/defoliageAxe.png
2014-05-29 14:05:36 [CLIENT] [SEVERE] Using missing texture, unable to load: ttinkerer:textures/items/ichorPickGem.png
2014-05-29 14:05:36 [CLIENT] [SEVERE] Using missing texture, unable to load: missing_icon_item_10274_extrautils:textures/items/shears.png
2014-05-29 14:05:36 [CLIENT] [SEVERE] Using missing texture, unable to load: ttinkerer:textures/items/ichorSwordGem.png
2014-05-29 14:05:36 [CLIENT] [SEVERE] Using missing texture, unable to load: missing_icon_item_10259_extrautils:textures/items/builderswand.png
2014-05-29 14:05:36 [CLIENT] [SEVERE] Using missing texture, unable to load: minecraft:textures/items/MISSING_ICON_ITEM_31961_ccprogramdisk.png
2014-05-29 14:05:36 [CLIENT] [SEVERE] Using missing texture, unable to load: magicbees:textures/items/nuggetElectrum.png
2014-05-29 14:05:36 [CLIENT] [SEVERE] Using missing texture, unable to load: galacticraftcore:textures/items/key_T1.png
2014-05-29 14:05:36 [CLIENT] [SEVERE] Using missing texture, unable to load: magicbees:textures/items/nuggetEnderium.png
2014-05-29 14:05:36 [CLIENT] [SEVERE] Using missing texture, unable to load: forestry:textures/items/crates/royaljelly.png
2014-05-29 14:05:36 [CLIENT] [SEVERE] Using missing texture, unable to load: factorization:textures/items/charge_battery.png
2014-05-29 14:05:36 [CLIENT] [SEVERE] Using missing texture, unable to load: magicbees:textures/items/nuggetPlatinum.png
2014-05-29 14:05:36 [CLIENT] [SEVERE] Using missing texture, unable to load: magicbees:textures/items/nuggetInvar.png
2014-05-29 14:05:36 [CLIENT] [SEVERE] Using missing texture, unable to load: alchemicalwizardry:textures/items/SigilOfTheFastMiner.png
2014-05-29 14:05:36 [CLIENT] [SEVERE] Using missing texture, unable to load: forestry:textures/items/misc/empty.png
2014-05-29 14:05:36 [CLIENT] [SEVERE] Using missing texture, unable to load: minecraft:textures/items/MISSING_ICON_ITEM_30809_item.steelshears.png
2014-05-29 14:05:36 [CLIENT] [SEVERE] Using missing texture, unable to load: minecraft:textures/items/MISSING_ICON_ITEM_18278_item.hazlegs.png
2014-05-29 14:05:36 [CLIENT] [SEVERE] Using missing texture, unable to load: ic2:textures/items/plasmaLauncher.png
2014-05-29 14:05:36 [CLIENT] [SEVERE] Using missing texture, unable to load: minecraft:textures/items/MISSING_ICON_ITEM_30804_item.bedrockhoe.png
2014-05-29 14:05:36 [CLIENT] [SEVERE] Using missing texture, unable to load: minecraft:textures/items/MISSING_ICON_ITEM_30806_item.bedrocksword.png
2014-05-29 14:05:36 [CLIENT] [SEVERE] Using missing texture, unable to load: magicbees:textures/items/nuggetBronze.png
2014-05-29 14:05:36 [CLIENT] [SEVERE] Using missing texture, unable to load: minecraft:textures/items/MISSING_ICON_ITEM_18277_item.hazchest.png
2014-05-29 14:05:36 [CLIENT] [SEVERE] Using missing texture, unable to load: missing_icon_item_22247_arsmagica2:textures/items/winter_arm.png
2014-05-29 14:05:36 [CLIENT] [SEVERE] Using missing texture, unable to load: minecraft:textures/items/MISSING_ICON_ITEM_30805_item.steelhoe.png
2014-05-29 14:05:36 [CLIENT] [SEVERE] Using missing texture, unable to load: minecraft:textures/items/meteorChunk.png
2014-05-29 14:05:36 [CLIENT] [SEVERE] Using missing texture, unable to load: ttinkerer:textures/items/ichorAxeGem.png
2014-05-29 14:05:36 [CLIENT] [SEVERE] Using missing texture, unable to load: missing_icon_item_10261_extrautils:textures/items/ethericsword.png
2014-05-29 14:05:36 [CLIENT] [SEVERE] Using missing texture, unable to load: minecraft:textures/items/MISSING_ICON_ITEM_30807_item.steelsword.png
2014-05-29 14:05:36 [CLIENT] [SEVERE] Using missing texture, unable to load: missing_icon_item_10262_extrautils:textures/items/erosionShovel.png
2014-05-29 14:05:36 [CLIENT] [SEVERE] Using missing texture, unable to load: missing_icon_item_22252_arsmagica2:textures/items/earth_armor.png
2014-05-29 14:05:36 [CLIENT] [SEVERE] Using missing texture, unable to load: missing_icon_item_10273_extrautils:textures/items/microblocks.png
2014-05-29 14:05:36 [CLIENT] [SEVERE] Using missing texture, unable to load: missing_icon_item_10265_extrautils:textures/items/temporalHoe.png
2014-05-29 14:05:38 [CLIENT] [SEVERE] Using missing texture, unable to load: minecraft:textures/blocks/.png
2014-05-29 14:05:38 [CLIENT] [SEVERE] Using missing texture, unable to load: arsmagica2:textures/blocks/blockthorns_top.png
2014-05-29 14:05:38 [CLIENT] [SEVERE] Using missing texture, unable to load: minecraft:textures/blocks/MISSING_ICON_TILE_1372_extrabees.block.alveary.png
2014-05-29 14:05:38 [CLIENT] [SEVERE] Using missing texture, unable to load: ironchest:textures/blocks/dirtchest9000_top.png
2014-05-29 14:05:38 [CLIENT] [SEVERE] Using missing texture, unable to load: minecraft:textures/blocks/MISSING_ICON_TILE_1329_RefineryPlus.png
2014-05-29 14:05:38 [CLIENT] [SEVERE] Using missing texture, unable to load: arsmagica2:textures/blocks/blockthorns_side.png
2014-05-29 14:05:38 [CLIENT] [SEVERE] Using missing texture, unable to load: reactorcraft:textures/blocks/flywheel.png
2014-05-29 14:05:38 [CLIENT] [SEVERE] Using missing texture, unable to load: thermalexpansion:textures/blocks/device/Device_Face_Lexicon.png
2014-05-29 14:05:38 [CLIENT] [SEVERE] Using missing texture, unable to load: alchemicalwizardry:textures/blocks/fireEffectBlock_downArrow.png
2014-05-29 14:05:38 [CLIENT] [SEVERE] Using missing texture, unable to load: calclavia:textures/blocks/infiniteBlock.png
2014-05-29 14:05:38 [CLIENT] [SEVERE] Using missing texture, unable to load: alchemicalwizardry:textures/blocks/fireEffectBlock_rightArrow.png
2014-05-29 14:05:38 [CLIENT] [SEVERE] Using missing texture, unable to load: reactorcraft:textures/blocks/magnetpipe.png
2014-05-29 14:05:38 [CLIENT] [SEVERE] Using missing texture, unable to load: reactorcraft:textures/blocks/storage.png
2014-05-29 14:05:39 [CLIENT] [SEVERE] Using missing texture, unable to load: reactorcraft:textures/blocks/grate.png
2014-05-29 14:05:39 [CLIENT] [SEVERE] Using missing texture, unable to load: arsmagica2:textures/blocks/arcane_empowerment_table_side.png
2014-05-29 14:05:39 [CLIENT] [SEVERE] Using missing texture, unable to load: arsmagica2:textures/blocks/essencenexus.png
2014-05-29 14:05:39 [CLIENT] [SEVERE] Using missing texture, unable to load: reactorcraft:textures/blocks/solenoid.png
2014-05-29 14:05:39 [CLIENT] [SEVERE] Using missing texture, unable to load: minecraft:textures/blocks/MISSING_ICON_TILE_2057_block.fluid.levelemitter.png
2014-05-29 14:05:39 [CLIENT] [SEVERE] Using missing texture, unable to load: forestry:textures/blocks/wood/planks.giganteum.png
2014-05-29 14:05:39 [CLIENT] [SEVERE] Using missing texture, unable to load: minecraft:textures/blocks/MISSING_ICON_TILE_1369_geneticMachine.png
2014-05-29 14:05:39 [CLIENT] [SEVERE] Using missing texture, unable to load: reactorcraft:textures/blocks/gaspipe.png
2014-05-29 14:05:39 [CLIENT] [SEVERE] Using missing texture, unable to load: reactorcraft:textures/blocks/magnet.png
2014-05-29 14:05:39 [CLIENT] [SEVERE] Using missing texture, unable to load: alchemicalwizardry:textures/blocks/projectileParadigmBlock_downArrow.png
2014-05-29 14:05:39 [CLIENT] [SEVERE] Using missing texture, unable to load: missing_icon_tile_4038_agriculture:textures/blocks/oven.png
2014-05-29 14:05:39 [CLIENT] [SEVERE] Using missing texture, unable to load: minecraft:textures/blocks/MISSING_ICON_TILE_850_null_top.png
2014-05-29 14:05:39 [CLIENT] [SEVERE] Using missing texture, unable to load: reactorcraft:textures/blocks/pump.png
2014-05-29 14:05:39 [CLIENT] [SEVERE] Using missing texture, unable to load: agriculture:textures/blocks/strawberry_stage_7.png
2014-05-29 14:05:39 [CLIENT] [SEVERE] Using missing texture, unable to load: agriculture:textures/blocks/strawberry_stage_4.png
2014-05-29 14:05:39 [CLIENT] [SEVERE] Using missing texture, unable to load: missing_icon_tile_759_arsmagica2:textures/blocks/keystoneTrapdoor.png
2014-05-29 14:05:39 [CLIENT] [SEVERE] Using missing texture, unable to load: minecraft:textures/blocks/MISSING_ICON_TILE_3173_machine.png
2014-05-29 14:05:39 [CLIENT] [SEVERE] Using missing texture, unable to load: arsmagica2:textures/blocks/custom_block.png
2014-05-29 14:05:39 [CLIENT] [SEVERE] Using missing texture, unable to load: minecraft:textures/blocks/MISSING_ICON_TILE_1371_advGeneticMachine.png
2014-05-29 14:05:39 [CLIENT] [SEVERE] Using missing texture, unable to load: minecraft:textures/blocks/MISSING_ICON_TILE_2138_null.png
2014-05-29 14:05:40 [CLIENT] [SEVERE] Using missing texture, unable to load: agriculture:textures/blocks/vodka.png
2014-05-29 14:05:40 [CLIENT] [SEVERE] Using missing texture, unable to load: minecraft:textures/blocks/MISSING_ICON_TILE_3705_extratrees.block.machine.png
2014-05-29 14:05:40 [CLIENT] [SEVERE] Using missing texture, unable to load: minecraft:textures/blocks/MISSING_ICON_TILE_850_null_bottom.png
2014-05-29 14:05:40 [CLIENT] [SEVERE] Using missing texture, unable to load: minecraft:textures/blocks/MISSING_ICON_TILE_430_Converter.png
2014-05-29 14:05:40 [CLIENT] [SEVERE] Using missing texture, unable to load: reactorcraft:textures/blocks/condenser.png
2014-05-29 14:05:40 [CLIENT] [SEVERE] Using missing texture, unable to load: minecraft:textures/blocks/MISSING_ICON_TILE_850_null_side.png
2014-05-29 14:05:40 [CLIENT] [SEVERE] Using missing texture, unable to load: minecraft:textures/blocks/MISSING_ICON_TILE_2060_block.solderingstation.png
2014-05-29 14:05:40 [CLIENT] [SEVERE] Using missing texture, unable to load: minecraft:textures/blocks/MISSING_ICON_TILE_2950_multiBlock.png
2014-05-29 14:05:40 [CLIENT] [SEVERE] Using missing texture, unable to load: reactorcraft:textures/blocks/centrifuge.png
2014-05-29 14:05:40 [CLIENT] [SEVERE] Using missing texture, unable to load: agriculture:textures/blocks/cinnamon_stage_7.png
2014-05-29 14:05:40 [CLIENT] [SEVERE] Using missing texture, unable to load: reactorcraft:textures/blocks/heavypump.png
2014-05-29 14:05:40 [CLIENT] [SEVERE] Using missing texture, unable to load: missing_icon_tile_4037_agriculture:textures/blocks/counter.png
2014-05-29 14:05:41 [CLIENT] [SEVERE] Using missing texture, unable to load: arsmagica2:textures/blocks/darknexus.png
2014-05-29 14:05:41 [CLIENT] [SEVERE] Using missing texture, unable to load: expandedredstone:textures/blocks/equalizer_top.png
2014-05-29 14:05:41 [CLIENT] [SEVERE] Using missing texture, unable to load: reactorcraft:textures/blocks/steamline.png
2014-05-29 14:05:41 [CLIENT] [SEVERE] Using missing texture, unable to load: missing_icon_tile_4032_agriculture:textures/blocks/icebox.png
2014-05-29 14:05:41 [CLIENT] [SEVERE] Using missing texture, unable to load: missing_icon_tile_4036_agriculture:textures/blocks/processor.png
2014-05-29 14:05:41 [CLIENT] [SEVERE] Using missing texture, unable to load: alchemicalwizardry:textures/blocks/projectileParadigmBlock_blank.png
2014-05-29 14:05:41 [CLIENT] [SEVERE] Using missing texture, unable to load: reactorcraft:textures/blocks/generator.png
2014-05-29 14:05:41 [CLIENT] [SEVERE] Using missing texture, unable to load: agriculture:textures/blocks/vanilla_stage_7.png
2014-05-29 14:05:41 [CLIENT] [SEVERE] Using missing texture, unable to load: reactorcraft:textures/blocks/bigturbine.png
2014-05-29 14:05:41 [CLIENT] [SEVERE] Using missing texture, unable to load: reactorcraft:textures/blocks/turbinecore.png
2014-05-29 14:05:41 [CLIENT] [SEVERE] Using missing texture, unable to load: agriculture:textures/blocks/peanut_stage_7.png
2014-05-29 14:05:41 [CLIENT] [SEVERE] Using missing texture, unable to load: minecraft:textures/blocks/MISSING_ICON_TILE_2065_block.fluid.bus.import.png
2014-05-29 14:05:41 [CLIENT] [SEVERE] Using missing texture, unable to load: minecraft:textures/blocks/MISSING_ICON_TILE_2064_block.fluid.bus.export.png
2014-05-29 14:05:41 [CLIENT] [SEVERE] Using missing texture, unable to load: ironchest:textures/blocks/dirtchest9000_front.png
2014-05-29 14:05:41 [CLIENT] [SEVERE] Using missing texture, unable to load: arsmagica2:textures/blocks/invisibleUtility.png
2014-05-29 14:05:41 [CLIENT] [SEVERE] Using missing texture, unable to load: minecraft:textures/blocks/MISSING_ICON_ITEM_4403_null.png
2014-05-29 14:05:41 [CLIENT] [SEVERE] Using missing texture, unable to load: minecraft:textures/blocks/MISSING_ICON_TILE_2063_block.walrus.png
2014-05-29 14:05:41 [CLIENT] [SEVERE] Using missing texture, unable to load: missing_icon_tile_4031_agriculture:textures/blocks/frier.png
2014-05-29 14:05:41 [CLIENT] [SEVERE] Using missing texture, unable to load: arsmagica2:textures/blocks/keystonechest.png
2014-05-29 14:05:41 [CLIENT] [SEVERE] Using missing texture, unable to load: minecraft:textures/blocks/MISSING_ICON_TILE_1322_InfMJSrc.png
2014-05-29 14:05:41 [CLIENT] [SEVERE] Using missing texture, unable to load: alchemicalwizardry:textures/blocks/fireEffectBlock_leftArrow.png
2014-05-29 14:05:41 [CLIENT] [SEVERE] Using missing texture, unable to load: alchemicalwizardry:textures/blocks/projectileParadigmBlock_upArrow.png
2014-05-29 14:05:41 [CLIENT] [SEVERE] Using missing texture, unable to load: minecraft:textures/blocks/MISSING_ICON_TILE_3284_bookshelf.png
2014-05-29 14:05:41 [CLIENT] [SEVERE] Using missing texture, unable to load: minecraft:textures/blocks/MISSING_ICON_TILE_2066_block.fluid.bus.storage.png
2014-05-29 14:05:41 [CLIENT] [SEVERE] Using missing texture, unable to load: arsmagica2:textures/blocks/blockthorns_bottom.png
2014-05-29 14:05:41 [CLIENT] [SEVERE] Using missing texture, unable to load: reactorcraft:textures/blocks/marker.png
2014-05-29 14:05:41 [CLIENT] [SEVERE] Using missing texture, unable to load: alchemicalwizardry:textures/blocks/projectileParadigmBlock_output.png
2014-05-29 14:05:41 [CLIENT] [SEVERE] Using missing texture, unable to load: minecraft:textures/blocks/MISSING_ICON_TILE_1370_apiaristMachine.png
2014-05-29 14:05:41 [CLIENT] [SEVERE] Using missing texture, unable to load: ironchest:textures/blocks/dirtchest9000_side.png
2014-05-29 14:05:41 [CLIENT] [SEVERE] Using missing texture, unable to load: ttinkerer:textures/blocks/repairer.png
2014-05-29 14:05:41 [CLIENT] [SEVERE] Using missing texture, unable to load: ttinkerer:textures/blocks/magnet.png
2014-05-29 14:05:41 [CLIENT] [SEVERE] Using missing texture, unable to load: minecraft:textures/blocks/MISSING_ICON_ITEM_15245_openblocks.stencil.png
2014-05-29 14:05:41 [CLIENT] [SEVERE] Using missing texture, unable to load: minecraft:textures/blocks/planks.png
2014-05-29 14:05:41 [CLIENT] [SEVERE] Using missing texture, unable to load: arsmagica2:textures/blocks/arcanereconstructor.png
2014-05-29 14:05:41 [CLIENT] [SEVERE] Unable to parse animation metadata from ic2:textures/blocks/generator/blockNuclearReactor.png: broken aspect ratio and not an animation
2014-05-29 14:05:41 [CLIENT] [SEVERE] Using missing texture, unable to load: alchemicalwizardry:textures/blocks/projectileParadigmBlock_rightArrow.png
2014-05-29 14:05:41 [CLIENT] [SEVERE] Using missing texture, unable to load: minecraft:textures/blocks/MISSING_ICON_TILE_2129_projectred.expansion.machine1.png
2014-05-29 14:05:41 [CLIENT] [SEVERE] Using missing texture, unable to load: missing_icon_tile_4033_agriculture:textures/blocks/brewer.png
2014-05-29 14:05:41 [CLIENT] [SEVERE] Using missing texture, unable to load: alchemicalwizardry:textures/blocks/projectileParadigmBlock_input.png
2014-05-29 14:05:41 [CLIENT] [SEVERE] Using missing texture, unable to load: reactorcraft:textures/blocks/electrolyzer.png
2014-05-29 14:05:41 [CLIENT] [SEVERE] Using missing texture, unable to load: alchemicalwizardry:textures/blocks/projectileParadigmBlock_leftArrow.png
2014-05-29 14:05:41 [CLIENT] [SEVERE] Using missing texture, unable to load: galacticraftcore:textures/blocks/treasure_front_single.png
2014-05-29 14:05:41 [CLIENT] [SEVERE] Using missing texture, unable to load: openblocks:textures/blocks/goldenegg.png
2014-05-29 14:05:41 [CLIENT] [SEVERE] Using missing texture, unable to load: missing_icon_tile_831_arsmagica2:textures/blocks/magic_sigil.png
2014-05-29 14:05:42 [CLIENT] [SEVERE] Using missing texture, unable to load: arsmagica2:textures/blocks/hiddenTile.png
2014-05-29 14:05:42 [CLIENT] [SEVERE] Using missing texture, unable to load: reactorcraft:textures/blocks/collector.png
2014-05-29 14:05:42 [CLIENT] [SEVERE] Using missing texture, unable to load: reactorcraft:textures/blocks/processor.png
2014-05-29 14:05:42 [CLIENT] [SEVERE] Using missing texture, unable to load: thermalexpansion:textures/blocks/device/Device_Active_Lexicon.png
2014-05-29 14:05:42 [CLIENT] [SEVERE] Using missing texture, unable to load: arsmagica2:textures/blocks/lightnexus.png
2014-05-29 14:33:43 [CLIENT] [INFO] Connecting to 108.166.181.42, 25565
2014-05-29 14:33:46 [CLIENT] [INFO] [CHAT] There is a Torch Levers Mod update!
2014-05-29 14:33:46 [CLIENT] [INFO] [CHAT] Go to http://bit.ly/TorchLevers to download it.
2014-05-29 14:33:47 [CLIENT] [INFO] [CHAT] GregTech is known for massivly changing the Tech Tree of modded Minecraft. Please make sure to look up Recipes via NEI (you will definetly need NEI), before complaining about missing Recipes. I needed to change some Recipes to prevent exploits and to improve the Tech Tree, even for regular unmodded Minecraft Recipes. Most of them are Configurable, so don't complain.
2014-05-29 14:33:47 [CLIENT] [INFO] [CHAT] ~ Gregorius Techneticies
2014-05-29 14:33:47 [CLIENT] [INFO] [CHAT] Kronson joined the game.
2014-05-29 14:33:47 [CLIENT] [INFO] [CHAT] Hello, Kronson!
2014-05-29 14:33:47 [CLIENT] [INFO] [CHAT] This is the default MOTD. In order to change it,
2014-05-29 14:33:47 [CLIENT] [INFO] [CHAT] edit the motd.txt in config/Server Tools or disable
2014-05-29 14:33:47 [CLIENT] [INFO] [CHAT] it by setting EnableMOTD to false in the config file
2014-05-29 14:33:47 [CLIENT] [INFO] [CHAT] Sorry, no new mails for you.
2014-05-29 14:33:53 [CLIENT] [INFO] [CHAT] Backpack Mod is up to date
2014-05-29 14:33:56 [CLIENT] [INFO] [CHAT] Version 4.3.7 of ProjectRed available.
2014-05-29 14:33:56 [CLIENT] [INFO] [CHAT] - FIX: Startup crash
2014-05-29 14:33:56 [CLIENT] [INFO] [CHAT] Aroma1997Core failed to do VersionChecking. Either there is something wrong with your network connection or with my server.
2014-05-29 14:34:35 [CLIENT] [SEVERE] Reached end of stream for /108.166.181.42
2014-05-29 14:34:36 [CLIENT] [INFO] Stopping!
